Looking for git in: git
Using git 2.25.1 from git
> git rev-parse --git-dir
Open repository: /mnt/c/Users/user/.vscode/extensions/ms-vscode-remote.remote-wsl-0.44.5/c:/git hub/nushedu
> git fetch
> git status -z -u
> git symbolic-ref --short HEAD
> git rev-parse master
> git rev-parse --symbolic-full-name master@{u}
fatal: no upstream configured for branch 'master'
> git for-each-ref --sort -committerdate --format %(refname) %(objectname)
> git remote --verbose
> git config --get commit.template
> git status -z -u
> git config --local branch.master.github-pr-owner-number
> git symbolic-ref --short HEAD
> git rev-parse --git-dir
> git rev-parse master
Open repository: /home/edunush
> git fetch
> git status -z -u
> git rev-parse --symbolic-full-name master@{u}
fatal: no upstream configured for branch 'master'
> git for-each-ref --sort -committerdate --format %(refname) %(objectname)
> git remote --verbose
> git config --get commit.template
> git check-ignore -v -z --stdin
