[2020-10-01 10:17:40.451] [exthost] [info] extension host started
[2020-10-01 10:17:40.610] [exthost] [info] ExtensionService#_doActivateExtension vscode.css-language-features {"startup":false,"extensionId":{"value":"vscode.css-language-features","_lower":"vscode.css-language-features"},"activationEvent":"onLanguage:css"}
[2020-10-01 10:17:40.611] [exthost] [info] ExtensionService#loadCommonJSModule file:///home/edunush/.vscode-server/bin/e5e9e69aed6e1984f7499b7af85b3d05f9a6883a/extensions/css-language-features/client/dist/node/cssClientMain
[2020-10-01 10:17:40.748] [exthost] [info] ExtensionService#_doActivateExtension vscode.emmet {"startup":false,"extensionId":{"value":"vscode.emmet","_lower":"vscode.emmet"},"activationEvent":"onLanguage:css"}
[2020-10-01 10:17:40.749] [exthost] [info] ExtensionService#loadCommonJSModule file:///home/edunush/.vscode-server/bin/e5e9e69aed6e1984f7499b7af85b3d05f9a6883a/extensions/emmet/dist/node/emmetNodeMain
[2020-10-01 10:17:40.833] [exthost] [info] ExtensionService#_doActivateExtension vscode.debug-auto-launch {"startup":true,"extensionId":{"value":"vscode.debug-auto-launch","_lower":"vscode.debug-auto-launch"},"activationEvent":"*"}
[2020-10-01 10:17:40.833] [exthost] [info] ExtensionService#loadCommonJSModule file:///home/edunush/.vscode-server/bin/e5e9e69aed6e1984f7499b7af85b3d05f9a6883a/extensions/debug-auto-launch/dist/extension
[2020-10-01 10:17:40.868] [exthost] [info] ExtensionService#_doActivateExtension vscode.git {"startup":true,"extensionId":{"value":"vscode.github","_lower":"vscode.github"},"activationEvent":"*"}
[2020-10-01 10:17:40.868] [exthost] [info] ExtensionService#loadCommonJSModule file:///home/edunush/.vscode-server/bin/e5e9e69aed6e1984f7499b7af85b3d05f9a6883a/extensions/git/dist/main
[2020-10-01 10:17:41.168] [exthost] [info] ExtensionService#_doActivateExtension vscode.merge-conflict {"startup":true,"extensionId":{"value":"vscode.merge-conflict","_lower":"vscode.merge-conflict"},"activationEvent":"*"}
[2020-10-01 10:17:41.168] [exthost] [info] ExtensionService#loadCommonJSModule file:///home/edunush/.vscode-server/bin/e5e9e69aed6e1984f7499b7af85b3d05f9a6883a/extensions/merge-conflict/dist/mergeConflictMain
[2020-10-01 10:17:41.217] [exthost] [info] ExtensionService#_doActivateExtension vscode.search-result {"startup":true,"extensionId":{"value":"vscode.search-result","_lower":"vscode.search-result"},"activationEvent":"*"}
[2020-10-01 10:17:41.218] [exthost] [info] ExtensionService#loadCommonJSModule file:///home/edunush/.vscode-server/bin/e5e9e69aed6e1984f7499b7af85b3d05f9a6883a/extensions/search-result/dist/extension.js
[2020-10-01 10:17:41.238] [exthost] [info] ExtensionService#_doActivateExtension ritwickdey.LiveServer {"startup":true,"extensionId":{"value":"ritwickdey.LiveServer","_lower":"ritwickdey.liveserver"},"activationEvent":"*"}
[2020-10-01 10:17:41.239] [exthost] [info] ExtensionService#loadCommonJSModule file:///home/edunush/.vscode-server/extensions/ritwickdey.liveserver-5.6.1/out/src/extension
[2020-10-01 10:17:43.969] [exthost] [info] ExtensionService#_doActivateExtension vscode.github {"startup":true,"extensionId":{"value":"vscode.github","_lower":"vscode.github"},"activationEvent":"*"}
[2020-10-01 10:17:43.969] [exthost] [info] ExtensionService#loadCommonJSModule file:///home/edunush/.vscode-server/bin/e5e9e69aed6e1984f7499b7af85b3d05f9a6883a/extensions/github/dist/extension.js
[2020-10-01 10:17:44.515] [exthost] [info] ExtensionService#_doActivateExtension GitHub.vscode-pull-request-github {"startup":false,"extensionId":{"value":"GitHub.vscode-pull-request-github","_lower":"github.vscode-pull-request-github"},"activationEvent":"onStartupFinished"}
[2020-10-01 10:17:44.515] [exthost] [info] ExtensionService#loadCommonJSModule file:///home/edunush/.vscode-server/extensions/github.vscode-pull-request-github-0.20.0/media/extension
[2020-10-01 10:17:44.697] [exthost] [info] eager extensions activated
[2020-10-01 10:17:46.037] [exthost] [info] Extension 'GitHub.vscode-pull-request-github' uses a document selector without scheme. Learn more about this: https://go.microsoft.com/fwlink/?linkid=872305
[2020-10-01 10:17:46.332] [exthost] [error] {"message":"Git error","stdout":"","stderr":"fatal: Pathspec '/home/edunush/nushedu/README.md' is in submodule 'nushedu'\n","exitCode":128,"gitErrorCode":"IsInSubmodule"}
[2020-10-01 10:17:46.332] [exthost] [error] {"message":"Git error","stdout":"","stderr":"fatal: Pathspec '/home/edunush/nushedu/README.md' is in submodule 'nushedu'\n","exitCode":128,"gitErrorCode":"IsInSubmodule"}
[2020-10-01 10:17:46.332] [exthost] [error] {"message":"Git error","stdout":"","stderr":"fatal: Pathspec '/home/edunush/nushedu/README.md' is in submodule 'nushedu'\n","exitCode":128,"gitErrorCode":"IsInSubmodule"}
[2020-10-01 10:17:46.332] [exthost] [error] {"message":"Git error","stdout":"","stderr":"fatal: Pathspec '/home/edunush/nushedu/README.md' is in submodule 'nushedu'\n","exitCode":128,"gitErrorCode":"IsInSubmodule"}
[2020-10-01 10:17:46.332] [exthost] [error] {"message":"Git error","stdout":"","stderr":"fatal: Pathspec '/home/edunush/nushedu/README.md' is in submodule 'nushedu'\n","exitCode":128,"gitErrorCode":"IsInSubmodule"}
[2020-10-01 10:17:46.332] [exthost] [error] {"message":"Git error","stdout":"","stderr":"fatal: Pathspec '/home/edunush/nushedu/README.md' is in submodule 'nushedu'\n","exitCode":128,"gitErrorCode":"IsInSubmodule"}
[2020-10-01 10:17:46.332] [exthost] [error] {"message":"Git error","stdout":"","stderr":"fatal: Pathspec '/home/edunush/nushedu/README.md' is in submodule 'nushedu'\n","exitCode":128,"gitErrorCode":"IsInSubmodule"}
[2020-10-01 10:17:46.333] [exthost] [error] {"message":"Git error","stdout":"","stderr":"fatal: Pathspec '/home/edunush/nushedu/README.md' is in submodule 'nushedu'\n","exitCode":128,"gitErrorCode":"IsInSubmodule"}
[2020-10-01 10:17:46.333] [exthost] [error] {"message":"Git error","stdout":"","stderr":"fatal: Pathspec '/home/edunush/nushedu/README.md' is in submodule 'nushedu'\n","exitCode":128,"gitErrorCode":"IsInSubmodule"}
[2020-10-01 10:17:46.333] [exthost] [error] {"message":"Git error","stdout":"","stderr":"fatal: Pathspec '/home/edunush/nushedu/README.md' is in submodule 'nushedu'\n","exitCode":128,"gitErrorCode":"IsInSubmodule"}
[2020-10-01 10:17:46.333] [exthost] [error] {"message":"Git error","stdout":"","stderr":"fatal: Pathspec '/home/edunush/nushedu/README.md' is in submodule 'nushedu'\n","exitCode":128,"gitErrorCode":"IsInSubmodule"}
[2020-10-01 10:17:46.333] [exthost] [error] {"message":"Git error","stdout":"","stderr":"fatal: Pathspec '/home/edunush/nushedu/README.md' is in submodule 'nushedu'\n","exitCode":128,"gitErrorCode":"IsInSubmodule"}
[2020-10-01 10:17:46.333] [exthost] [error] {"message":"Git error","stdout":"","stderr":"fatal: Pathspec '/home/edunush/nushedu/README.md' is in submodule 'nushedu'\n","exitCode":128,"gitErrorCode":"IsInSubmodule"}
[2020-10-01 10:17:46.333] [exthost] [error] {"message":"Git error","stdout":"","stderr":"fatal: Pathspec '/home/edunush/nushedu/README.md' is in submodule 'nushedu'\n","exitCode":128,"gitErrorCode":"IsInSubmodule"}
[2020-10-01 10:17:46.333] [exthost] [error] {"message":"Git error","stdout":"","stderr":"fatal: Pathspec '/home/edunush/nushedu/README.md' is in submodule 'nushedu'\n","exitCode":128,"gitErrorCode":"IsInSubmodule"}
[2020-10-01 10:17:46.333] [exthost] [error] {"message":"Git error","stdout":"","stderr":"fatal: Pathspec '/home/edunush/nushedu/README.md' is in submodule 'nushedu'\n","exitCode":128,"gitErrorCode":"IsInSubmodule"}
[2020-10-01 10:17:46.333] [exthost] [error] {"message":"Git error","stdout":"","stderr":"fatal: Pathspec '/home/edunush/nushedu/README.md' is in submodule 'nushedu'\n","exitCode":128,"gitErrorCode":"IsInSubmodule"}
[2020-10-01 10:18:36.104] [exthost] [info] ExtensionService#_doActivateExtension vscode.typescript-language-features {"startup":false,"extensionId":{"value":"vscode.typescript-language-features","_lower":"vscode.typescript-language-features"},"activationEvent":"onLanguage:javascript"}
[2020-10-01 10:18:36.104] [exthost] [info] ExtensionService#loadCommonJSModule file:///home/edunush/.vscode-server/bin/e5e9e69aed6e1984f7499b7af85b3d05f9a6883a/extensions/typescript-language-features/dist/extension
[2020-10-01 10:20:36.566] [exthost] [info] ExtensionService#_doActivateExtension vscode.extension-editing {"startup":false,"extensionId":{"value":"vscode.extension-editing","_lower":"vscode.extension-editing"},"activationEvent":"onLanguage:typescript"}
[2020-10-01 10:20:36.566] [exthost] [info] ExtensionService#loadCommonJSModule file:///home/edunush/.vscode-server/bin/e5e9e69aed6e1984f7499b7af85b3d05f9a6883a/extensions/extension-editing/dist/extensionEditingMain
