Looking for git in: git
Using git 2.25.1 from git
> git rev-parse --git-dir
Open repository: /home/edunush
> git fetch
> git status -z -u
> git log --format=%H%n%aN%n%aE%n%at%n%ct%n%P%n%B -z -n21 -- /home/edunush/index.html
> git log --format=%H%n%aN%n%aE%n%at%n%ct%n%P%n%B -z -n41 -- /home/edunush/index.html
> git symbolic-ref --short HEAD
> git rev-parse gh-pages
> git rev-parse --symbolic-full-name gh-pages@{u}
fatal: no upstream configured for branch 'gh-pages'
> git for-each-ref --sort -committerdate --format %(refname) %(objectname)
> git remote --verbose
> git config --local branch.gh-pages.github-pr-owner-number
> git config --get commit.template
> git show --textconv :index.html
> git ls-files --stage -- /home/edunush/index.html
> git cat-file -s fb4edc5f774008d449c957a8778d98ec8caeec1a
> git config --local branch.gh-pages.github-pr-owner-number
> git check-ignore -v -z --stdin
> git rev-list --count 23ca486546ddfe4a3c36f97eb491915ac26c658c.. -- /home/edunush/index.html
> git log --format=%H%n%aN%n%aE%n%at%n%ct%n%P%n%B -z -n4 -- /home/edunush/index.html
From https://github.com/edunush/edunush
 * [new branch]      dependabot/npm_and_yarn/dot-vscode-server/extensions/github.vscode-pull-request-github-0.20.0/node-fetch-3.0.0-beta.9 -> origin/dependabot/npm_and_yarn/dot-vscode-server/extensions/github.vscode-pull-request-github-0.20.0/node-fetch-3.0.0-beta.9
> git status -z -u
> git symbolic-ref --short HEAD
> git rev-parse gh-pages
> git rev-parse --symbolic-full-name gh-pages@{u}
fatal: no upstream configured for branch 'gh-pages'
> git for-each-ref --sort -committerdate --format %(refname) %(objectname)
> git remote --verbose
> git rev-list --count 23ca486546ddfe4a3c36f97eb491915ac26c658c.. -- /home/edunush/index.html
> git config --get commit.template
> git log --format=%H%n%aN%n%aE%n%at%n%ct%n%P%n%B -z -n4 -- /home/edunush/index.html
> git rev-list --count 23ca486546ddfe4a3c36f97eb491915ac26c658c.. -- /home/edunush/index.html
> git ls-files --stage -- /home/edunush/index.html
> git log --format=%H%n%aN%n%aE%n%at%n%ct%n%P%n%B -z -n4 -- /home/edunush/index.html
> git cat-file -s fb4edc5f774008d449c957a8778d98ec8caeec1a
> git show --textconv :index.html
> git status -z -u
> git symbolic-ref --short HEAD
> git rev-parse gh-pages
> git rev-parse --symbolic-full-name gh-pages@{u}
fatal: no upstream configured for branch 'gh-pages'
> git for-each-ref --sort -committerdate --format %(refname) %(objectname)
> git remote --verbose
> git config --get commit.template
> git rev-list --count 23ca486546ddfe4a3c36f97eb491915ac26c658c.. -- /home/edunush/index.html
> git log --format=%H%n%aN%n%aE%n%at%n%ct%n%P%n%B -z -n4 -- /home/edunush/index.html
> git status -z -u
> git symbolic-ref --short HEAD
> git rev-parse gh-pages
> git rev-parse --symbolic-full-name gh-pages@{u}
fatal: no upstream configured for branch 'gh-pages'
> git for-each-ref --sort -committerdate --format %(refname) %(objectname)
> git remote --verbose
> git config --get commit.template
> git rev-list --count 23ca486546ddfe4a3c36f97eb491915ac26c658c.. -- /home/edunush/index.html
> git log --format=%H%n%aN%n%aE%n%at%n%ct%n%P%n%B -z -n4 -- /home/edunush/index.html
> git status -z -u
> git symbolic-ref --short HEAD
> git rev-parse gh-pages
> git rev-parse --symbolic-full-name gh-pages@{u}
fatal: no upstream configured for branch 'gh-pages'
> git for-each-ref --sort -committerdate --format %(refname) %(objectname)
> git remote --verbose
> git config --get commit.template
> git rev-list --count 23ca486546ddfe4a3c36f97eb491915ac26c658c.. -- /home/edunush/index.html
> git log --format=%H%n%aN%n%aE%n%at%n%ct%n%P%n%B -z -n4 -- /home/edunush/index.html
> git status -z -u
> git symbolic-ref --short HEAD
> git rev-parse gh-pages
> git rev-parse --symbolic-full-name gh-pages@{u}
fatal: no upstream configured for branch 'gh-pages'
> git for-each-ref --sort -committerdate --format %(refname) %(objectname)
> git remote --verbose
> git config --get commit.template
> git rev-list --count 23ca486546ddfe4a3c36f97eb491915ac26c658c.. -- /home/edunush/index.html
> git log --format=%H%n%aN%n%aE%n%at%n%ct%n%P%n%B -z -n4 -- /home/edunush/index.html
> git status -z -u
> git symbolic-ref --short HEAD
> git rev-parse gh-pages
> git rev-parse --symbolic-full-name gh-pages@{u}
fatal: no upstream configured for branch 'gh-pages'
> git for-each-ref --sort -committerdate --format %(refname) %(objectname)
> git remote --verbose
> git config --get commit.template
> git rev-list --count 23ca486546ddfe4a3c36f97eb491915ac26c658c.. -- /home/edunush/index.html
> git log --format=%H%n%aN%n%aE%n%at%n%ct%n%P%n%B -z -n4 -- /home/edunush/index.html
> git status -z -u
> git symbolic-ref --short HEAD
> git rev-parse gh-pages
> git rev-parse --symbolic-full-name gh-pages@{u}
fatal: no upstream configured for branch 'gh-pages'
> git for-each-ref --sort -committerdate --format %(refname) %(objectname)
> git remote --verbose
> git config --get commit.template
> git rev-list --count 23ca486546ddfe4a3c36f97eb491915ac26c658c.. -- /home/edunush/index.html
> git log --format=%H%n%aN%n%aE%n%at%n%ct%n%P%n%B -z -n4 -- /home/edunush/index.html
> git status -z -u
> git symbolic-ref --short HEAD
> git rev-parse gh-pages
> git rev-parse --symbolic-full-name gh-pages@{u}
fatal: no upstream configured for branch 'gh-pages'
> git for-each-ref --sort -committerdate --format %(refname) %(objectname)
> git remote --verbose
> git config --get commit.template
> git rev-list --count 23ca486546ddfe4a3c36f97eb491915ac26c658c.. -- /home/edunush/index.html
> git log --format=%H%n%aN%n%aE%n%at%n%ct%n%P%n%B -z -n4 -- /home/edunush/index.html
> git status -z -u
> git symbolic-ref --short HEAD
> git rev-parse gh-pages
> git rev-parse --symbolic-full-name gh-pages@{u}
fatal: no upstream configured for branch 'gh-pages'
> git for-each-ref --sort -committerdate --format %(refname) %(objectname)
> git remote --verbose
> git config --get commit.template
> git rev-list --count 23ca486546ddfe4a3c36f97eb491915ac26c658c.. -- /home/edunush/index.html
> git log --format=%H%n%aN%n%aE%n%at%n%ct%n%P%n%B -z -n4 -- /home/edunush/index.html
> git status -z -u
> git symbolic-ref --short HEAD
> git rev-parse gh-pages
> git rev-parse --symbolic-full-name gh-pages@{u}
fatal: no upstream configured for branch 'gh-pages'
> git for-each-ref --sort -committerdate --format %(refname) %(objectname)
> git remote --verbose
> git config --get commit.template
> git rev-list --count 23ca486546ddfe4a3c36f97eb491915ac26c658c.. -- /home/edunush/index.html
> git log --format=%H%n%aN%n%aE%n%at%n%ct%n%P%n%B -z -n4 -- /home/edunush/index.html
> git status -z -u
> git symbolic-ref --short HEAD
> git rev-parse gh-pages
> git rev-parse --symbolic-full-name gh-pages@{u}
fatal: no upstream configured for branch 'gh-pages'
> git for-each-ref --sort -committerdate --format %(refname) %(objectname)
> git remote --verbose
> git config --get commit.template
> git rev-list --count 23ca486546ddfe4a3c36f97eb491915ac26c658c.. -- /home/edunush/index.html
> git log --format=%H%n%aN%n%aE%n%at%n%ct%n%P%n%B -z -n4 -- /home/edunush/index.html
> git status -z -u
> git symbolic-ref --short HEAD
> git rev-parse gh-pages
> git rev-parse --symbolic-full-name gh-pages@{u}
fatal: no upstream configured for branch 'gh-pages'
> git for-each-ref --sort -committerdate --format %(refname) %(objectname)
> git remote --verbose
> git config --get commit.template
> git rev-list --count 23ca486546ddfe4a3c36f97eb491915ac26c658c.. -- /home/edunush/index.html
> git log --format=%H%n%aN%n%aE%n%at%n%ct%n%P%n%B -z -n4 -- /home/edunush/index.html
> git status -z -u
> git symbolic-ref --short HEAD
> git rev-parse gh-pages
> git rev-parse --symbolic-full-name gh-pages@{u}
fatal: no upstream configured for branch 'gh-pages'
> git for-each-ref --sort -committerdate --format %(refname) %(objectname)
> git remote --verbose
> git config --get commit.template
> git rev-list --count 23ca486546ddfe4a3c36f97eb491915ac26c658c.. -- /home/edunush/index.html
> git log --format=%H%n%aN%n%aE%n%at%n%ct%n%P%n%B -z -n4 -- /home/edunush/index.html
> git status -z -u
> git symbolic-ref --short HEAD
> git rev-parse gh-pages
> git rev-parse --symbolic-full-name gh-pages@{u}
fatal: no upstream configured for branch 'gh-pages'
> git for-each-ref --sort -committerdate --format %(refname) %(objectname)
> git remote --verbose
> git config --get commit.template
> git rev-list --count 23ca486546ddfe4a3c36f97eb491915ac26c658c.. -- /home/edunush/index.html
> git log --format=%H%n%aN%n%aE%n%at%n%ct%n%P%n%B -z -n4 -- /home/edunush/index.html
> git status -z -u
> git symbolic-ref --short HEAD
> git rev-parse gh-pages
> git rev-parse --symbolic-full-name gh-pages@{u}
fatal: no upstream configured for branch 'gh-pages'
> git for-each-ref --sort -committerdate --format %(refname) %(objectname)
> git remote --verbose
> git config --get commit.template
> git rev-list --count 23ca486546ddfe4a3c36f97eb491915ac26c658c.. -- /home/edunush/index.html
> git log --format=%H%n%aN%n%aE%n%at%n%ct%n%P%n%B -z -n4 -- /home/edunush/index.html
> git status -z -u
> git symbolic-ref --short HEAD
> git rev-parse gh-pages
> git rev-parse --symbolic-full-name gh-pages@{u}
fatal: no upstream configured for branch 'gh-pages'
> git for-each-ref --sort -committerdate --format %(refname) %(objectname)
> git remote --verbose
> git config --get commit.template
> git rev-list --count 23ca486546ddfe4a3c36f97eb491915ac26c658c.. -- /home/edunush/index.html
> git log --format=%H%n%aN%n%aE%n%at%n%ct%n%P%n%B -z -n4 -- /home/edunush/index.html
> git status -z -u
> git symbolic-ref --short HEAD
> git rev-parse gh-pages
> git rev-parse --symbolic-full-name gh-pages@{u}
fatal: no upstream configured for branch 'gh-pages'
> git for-each-ref --sort -committerdate --format %(refname) %(objectname)
> git remote --verbose
> git config --get commit.template
> git rev-list --count 23ca486546ddfe4a3c36f97eb491915ac26c658c.. -- /home/edunush/index.html
> git log --format=%H%n%aN%n%aE%n%at%n%ct%n%P%n%B -z -n4 -- /home/edunush/index.html
> git status -z -u
> git symbolic-ref --short HEAD
> git rev-parse gh-pages
> git rev-parse --symbolic-full-name gh-pages@{u}
fatal: no upstream configured for branch 'gh-pages'
> git for-each-ref --sort -committerdate --format %(refname) %(objectname)
> git remote --verbose
> git config --get commit.template
> git rev-list --count 23ca486546ddfe4a3c36f97eb491915ac26c658c.. -- /home/edunush/index.html
> git log --format=%H%n%aN%n%aE%n%at%n%ct%n%P%n%B -z -n4 -- /home/edunush/index.html
> git status -z -u
> git symbolic-ref --short HEAD
> git rev-parse gh-pages
> git rev-parse --symbolic-full-name gh-pages@{u}
fatal: no upstream configured for branch 'gh-pages'
> git for-each-ref --sort -committerdate --format %(refname) %(objectname)
> git remote --verbose
> git config --get commit.template
> git rev-list --count 23ca486546ddfe4a3c36f97eb491915ac26c658c.. -- /home/edunush/index.html
> git log --format=%H%n%aN%n%aE%n%at%n%ct%n%P%n%B -z -n4 -- /home/edunush/index.html
> git status -z -u
> git symbolic-ref --short HEAD
> git rev-parse gh-pages
> git rev-parse --symbolic-full-name gh-pages@{u}
fatal: no upstream configured for branch 'gh-pages'
> git for-each-ref --sort -committerdate --format %(refname) %(objectname)
> git remote --verbose
> git config --get commit.template
> git rev-list --count 23ca486546ddfe4a3c36f97eb491915ac26c658c.. -- /home/edunush/index.html
> git log --format=%H%n%aN%n%aE%n%at%n%ct%n%P%n%B -z -n4 -- /home/edunush/index.html
> git status -z -u
> git symbolic-ref --short HEAD
> git rev-parse gh-pages
> git rev-parse --symbolic-full-name gh-pages@{u}
fatal: no upstream configured for branch 'gh-pages'
> git for-each-ref --sort -committerdate --format %(refname) %(objectname)
> git remote --verbose
> git config --get commit.template
> git rev-list --count 23ca486546ddfe4a3c36f97eb491915ac26c658c.. -- /home/edunush/index.html
> git log --format=%H%n%aN%n%aE%n%at%n%ct%n%P%n%B -z -n4 -- /home/edunush/index.html
> git status -z -u
> git symbolic-ref --short HEAD
> git rev-parse gh-pages
> git rev-parse --symbolic-full-name gh-pages@{u}
fatal: no upstream configured for branch 'gh-pages'
> git for-each-ref --sort -committerdate --format %(refname) %(objectname)
> git remote --verbose
> git config --get commit.template
> git rev-list --count 23ca486546ddfe4a3c36f97eb491915ac26c658c.. -- /home/edunush/index.html
> git log --format=%H%n%aN%n%aE%n%at%n%ct%n%P%n%B -z -n4 -- /home/edunush/index.html
> git status -z -u
> git symbolic-ref --short HEAD
> git rev-parse gh-pages
> git rev-parse --symbolic-full-name gh-pages@{u}
fatal: no upstream configured for branch 'gh-pages'
> git for-each-ref --sort -committerdate --format %(refname) %(objectname)
> git remote --verbose
> git config --get commit.template
> git rev-list --count 23ca486546ddfe4a3c36f97eb491915ac26c658c.. -- /home/edunush/index.html
> git log --format=%H%n%aN%n%aE%n%at%n%ct%n%P%n%B -z -n4 -- /home/edunush/index.html
> git status -z -u
> git symbolic-ref --short HEAD
> git rev-parse gh-pages
> git rev-parse --symbolic-full-name gh-pages@{u}
fatal: no upstream configured for branch 'gh-pages'
> git for-each-ref --sort -committerdate --format %(refname) %(objectname)
> git remote --verbose
> git config --get commit.template
> git rev-list --count 23ca486546ddfe4a3c36f97eb491915ac26c658c.. -- /home/edunush/index.html
> git log --format=%H%n%aN%n%aE%n%at%n%ct%n%P%n%B -z -n4 -- /home/edunush/index.html
> git status -z -u
> git symbolic-ref --short HEAD
> git rev-parse gh-pages
> git rev-parse --symbolic-full-name gh-pages@{u}
fatal: no upstream configured for branch 'gh-pages'
> git for-each-ref --sort -committerdate --format %(refname) %(objectname)
> git remote --verbose
> git config --get commit.template
> git rev-list --count 23ca486546ddfe4a3c36f97eb491915ac26c658c.. -- /home/edunush/index.html
> git log --format=%H%n%aN%n%aE%n%at%n%ct%n%P%n%B -z -n4 -- /home/edunush/index.html
> git status -z -u
> git symbolic-ref --short HEAD
> git rev-parse gh-pages
> git rev-parse --symbolic-full-name gh-pages@{u}
fatal: no upstream configured for branch 'gh-pages'
> git for-each-ref --sort -committerdate --format %(refname) %(objectname)
> git remote --verbose
> git config --get commit.template
> git rev-list --count 23ca486546ddfe4a3c36f97eb491915ac26c658c.. -- /home/edunush/index.html
> git log --format=%H%n%aN%n%aE%n%at%n%ct%n%P%n%B -z -n4 -- /home/edunush/index.html
> git status -z -u
> git symbolic-ref --short HEAD
> git rev-parse gh-pages
> git rev-parse --symbolic-full-name gh-pages@{u}
fatal: no upstream configured for branch 'gh-pages'
> git for-each-ref --sort -committerdate --format %(refname) %(objectname)
> git remote --verbose
> git config --get commit.template
> git rev-list --count 23ca486546ddfe4a3c36f97eb491915ac26c658c.. -- /home/edunush/index.html
> git log --format=%H%n%aN%n%aE%n%at%n%ct%n%P%n%B -z -n4 -- /home/edunush/index.html
> git status -z -u
> git symbolic-ref --short HEAD
> git rev-parse gh-pages
> git rev-parse --symbolic-full-name gh-pages@{u}
fatal: no upstream configured for branch 'gh-pages'
> git for-each-ref --sort -committerdate --format %(refname) %(objectname)
> git remote --verbose
> git config --get commit.template
> git rev-list --count 23ca486546ddfe4a3c36f97eb491915ac26c658c.. -- /home/edunush/index.html
> git log --format=%H%n%aN%n%aE%n%at%n%ct%n%P%n%B -z -n4 -- /home/edunush/index.html
> git status -z -u
> git symbolic-ref --short HEAD
> git rev-parse gh-pages
> git rev-parse --symbolic-full-name gh-pages@{u}
fatal: no upstream configured for branch 'gh-pages'
> git for-each-ref --sort -committerdate --format %(refname) %(objectname)
> git remote --verbose
> git config --get commit.template
> git rev-list --count 23ca486546ddfe4a3c36f97eb491915ac26c658c.. -- /home/edunush/index.html
> git log --format=%H%n%aN%n%aE%n%at%n%ct%n%P%n%B -z -n4 -- /home/edunush/index.html
> git status -z -u
> git symbolic-ref --short HEAD
> git rev-parse gh-pages
> git rev-parse --symbolic-full-name gh-pages@{u}
fatal: no upstream configured for branch 'gh-pages'
> git for-each-ref --sort -committerdate --format %(refname) %(objectname)
> git remote --verbose
> git config --get commit.template
> git rev-list --count 23ca486546ddfe4a3c36f97eb491915ac26c658c.. -- /home/edunush/index.html
> git log --format=%H%n%aN%n%aE%n%at%n%ct%n%P%n%B -z -n4 -- /home/edunush/index.html
> git status -z -u
> git symbolic-ref --short HEAD
> git rev-parse gh-pages
> git rev-parse --symbolic-full-name gh-pages@{u}
fatal: no upstream configured for branch 'gh-pages'
> git for-each-ref --sort -committerdate --format %(refname) %(objectname)
> git remote --verbose
> git config --get commit.template
> git rev-list --count 23ca486546ddfe4a3c36f97eb491915ac26c658c.. -- /home/edunush/index.html
> git log --format=%H%n%aN%n%aE%n%at%n%ct%n%P%n%B -z -n4 -- /home/edunush/index.html
> git status -z -u
> git symbolic-ref --short HEAD
> git rev-parse gh-pages
> git rev-parse --symbolic-full-name gh-pages@{u}
fatal: no upstream configured for branch 'gh-pages'
> git for-each-ref --sort -committerdate --format %(refname) %(objectname)
> git remote --verbose
> git config --get commit.template
> git rev-list --count 23ca486546ddfe4a3c36f97eb491915ac26c658c.. -- /home/edunush/index.html
> git log --format=%H%n%aN%n%aE%n%at%n%ct%n%P%n%B -z -n4 -- /home/edunush/index.html
> git fetch
> git status -z -u
> git symbolic-ref --short HEAD
> git rev-parse gh-pages
> git rev-parse --symbolic-full-name gh-pages@{u}
fatal: no upstream configured for branch 'gh-pages'
> git for-each-ref --sort -committerdate --format %(refname) %(objectname)
> git remote --verbose
> git config --get commit.template
> git status -z -u
> git symbolic-ref --short HEAD
> git rev-parse gh-pages
> git rev-parse --symbolic-full-name gh-pages@{u}
fatal: no upstream configured for branch 'gh-pages'
> git for-each-ref --sort -committerdate --format %(refname) %(objectname)
> git remote --verbose
> git config --get commit.template
> git ls-files --stage -- /home/edunush/index.html
> git cat-file -s fb4edc5f774008d449c957a8778d98ec8caeec1a
> git show --textconv :index.html
> git rev-list --count 23ca486546ddfe4a3c36f97eb491915ac26c658c.. -- /home/edunush/index.html
> git log --format=%H%n%aN%n%aE%n%at%n%ct%n%P%n%B -z -n4 -- /home/edunush/index.html
> git status -z -u
> git symbolic-ref --short HEAD
> git rev-parse gh-pages
> git rev-parse --symbolic-full-name gh-pages@{u}
fatal: no upstream configured for branch 'gh-pages'
> git for-each-ref --sort -committerdate --format %(refname) %(objectname)
> git remote --verbose
> git config --get commit.template
> git rev-list --count 23ca486546ddfe4a3c36f97eb491915ac26c658c.. -- /home/edunush/index.html
> git log --format=%H%n%aN%n%aE%n%at%n%ct%n%P%n%B -z -n4 -- /home/edunush/index.html
> git status -z -u
> git symbolic-ref --short HEAD
> git rev-parse gh-pages
> git rev-parse --symbolic-full-name gh-pages@{u}
fatal: no upstream configured for branch 'gh-pages'
> git for-each-ref --sort -committerdate --format %(refname) %(objectname)
> git remote --verbose
> git config --get commit.template
> git rev-list --count 23ca486546ddfe4a3c36f97eb491915ac26c658c.. -- /home/edunush/index.html
> git log --format=%H%n%aN%n%aE%n%at%n%ct%n%P%n%B -z -n4 -- /home/edunush/index.html
> git status -z -u
> git symbolic-ref --short HEAD
> git rev-parse gh-pages
> git rev-parse --symbolic-full-name gh-pages@{u}
fatal: no upstream configured for branch 'gh-pages'
> git for-each-ref --sort -committerdate --format %(refname) %(objectname)
> git remote --verbose
> git config --get commit.template
> git rev-list --count 23ca486546ddfe4a3c36f97eb491915ac26c658c.. -- /home/edunush/index.html
> git log --format=%H%n%aN%n%aE%n%at%n%ct%n%P%n%B -z -n4 -- /home/edunush/index.html
> git status -z -u
> git symbolic-ref --short HEAD
> git rev-parse gh-pages
> git rev-parse --symbolic-full-name gh-pages@{u}
fatal: no upstream configured for branch 'gh-pages'
> git for-each-ref --sort -committerdate --format %(refname) %(objectname)
> git remote --verbose
> git config --get commit.template
> git rev-list --count 23ca486546ddfe4a3c36f97eb491915ac26c658c.. -- /home/edunush/index.html
> git log --format=%H%n%aN%n%aE%n%at%n%ct%n%P%n%B -z -n4 -- /home/edunush/index.html
> git status -z -u
> git symbolic-ref --short HEAD
> git rev-parse gh-pages
> git rev-parse --symbolic-full-name gh-pages@{u}
fatal: no upstream configured for branch 'gh-pages'
> git for-each-ref --sort -committerdate --format %(refname) %(objectname)
> git remote --verbose
> git config --get commit.template
> git rev-list --count 23ca486546ddfe4a3c36f97eb491915ac26c658c.. -- /home/edunush/index.html
> git log --format=%H%n%aN%n%aE%n%at%n%ct%n%P%n%B -z -n4 -- /home/edunush/index.html
> git status -z -u
> git symbolic-ref --short HEAD
> git rev-parse gh-pages
> git rev-parse --symbolic-full-name gh-pages@{u}
fatal: no upstream configured for branch 'gh-pages'
> git for-each-ref --sort -committerdate --format %(refname) %(objectname)
> git remote --verbose
> git config --get commit.template
> git rev-list --count 23ca486546ddfe4a3c36f97eb491915ac26c658c.. -- /home/edunush/index.html
> git log --format=%H%n%aN%n%aE%n%at%n%ct%n%P%n%B -z -n4 -- /home/edunush/index.html
> git status -z -u
> git symbolic-ref --short HEAD
> git rev-parse gh-pages
> git rev-parse --symbolic-full-name gh-pages@{u}
fatal: no upstream configured for branch 'gh-pages'
> git for-each-ref --sort -committerdate --format %(refname) %(objectname)
> git remote --verbose
> git config --get commit.template
> git rev-list --count 23ca486546ddfe4a3c36f97eb491915ac26c658c.. -- /home/edunush/index.html
> git log --format=%H%n%aN%n%aE%n%at%n%ct%n%P%n%B -z -n4 -- /home/edunush/index.html
> git status -z -u
> git symbolic-ref --short HEAD
> git rev-parse gh-pages
> git rev-parse --symbolic-full-name gh-pages@{u}
fatal: no upstream configured for branch 'gh-pages'
> git for-each-ref --sort -committerdate --format %(refname) %(objectname)
> git remote --verbose
> git config --get commit.template
> git rev-list --count 23ca486546ddfe4a3c36f97eb491915ac26c658c.. -- /home/edunush/index.html
> git log --format=%H%n%aN%n%aE%n%at%n%ct%n%P%n%B -z -n4 -- /home/edunush/index.html
> git status -z -u
> git symbolic-ref --short HEAD
> git rev-parse gh-pages
> git rev-parse --symbolic-full-name gh-pages@{u}
fatal: no upstream configured for branch 'gh-pages'
> git for-each-ref --sort -committerdate --format %(refname) %(objectname)
> git remote --verbose
> git config --get commit.template
> git rev-list --count 23ca486546ddfe4a3c36f97eb491915ac26c658c.. -- /home/edunush/index.html
> git log --format=%H%n%aN%n%aE%n%at%n%ct%n%P%n%B -z -n4 -- /home/edunush/index.html
> git status -z -u
> git symbolic-ref --short HEAD
> git rev-parse gh-pages
> git rev-parse --symbolic-full-name gh-pages@{u}
fatal: no upstream configured for branch 'gh-pages'
> git for-each-ref --sort -committerdate --format %(refname) %(objectname)
> git remote --verbose
> git config --get commit.template
> git rev-list --count 23ca486546ddfe4a3c36f97eb491915ac26c658c.. -- /home/edunush/index.html
> git log --format=%H%n%aN%n%aE%n%at%n%ct%n%P%n%B -z -n4 -- /home/edunush/index.html
> git status -z -u
> git symbolic-ref --short HEAD
> git rev-parse gh-pages
> git rev-parse --symbolic-full-name gh-pages@{u}
fatal: no upstream configured for branch 'gh-pages'
> git for-each-ref --sort -committerdate --format %(refname) %(objectname)
> git remote --verbose
> git config --get commit.template
> git rev-list --count 23ca486546ddfe4a3c36f97eb491915ac26c658c.. -- /home/edunush/index.html
> git log --format=%H%n%aN%n%aE%n%at%n%ct%n%P%n%B -z -n4 -- /home/edunush/index.html
> git status -z -u
> git symbolic-ref --short HEAD
> git rev-parse gh-pages
> git rev-parse --symbolic-full-name gh-pages@{u}
fatal: no upstream configured for branch 'gh-pages'
> git for-each-ref --sort -committerdate --format %(refname) %(objectname)
> git remote --verbose
> git config --get commit.template
> git rev-list --count 23ca486546ddfe4a3c36f97eb491915ac26c658c.. -- /home/edunush/index.html
> git log --format=%H%n%aN%n%aE%n%at%n%ct%n%P%n%B -z -n4 -- /home/edunush/index.html
> git status -z -u
> git symbolic-ref --short HEAD
> git rev-parse gh-pages
> git rev-parse --symbolic-full-name gh-pages@{u}
fatal: no upstream configured for branch 'gh-pages'
> git for-each-ref --sort -committerdate --format %(refname) %(objectname)
> git remote --verbose
> git config --get commit.template
> git rev-list --count 23ca486546ddfe4a3c36f97eb491915ac26c658c.. -- /home/edunush/index.html
> git log --format=%H%n%aN%n%aE%n%at%n%ct%n%P%n%B -z -n4 -- /home/edunush/index.html
