Looking for git in: git
Using git 2.25.1 from git
> git rev-parse --git-dir
Open repository: /home/edunush
> git status -z -u
> git log --format=%H%n%aN%n%aE%n%at%n%ct%n%P%n%B -z -n21 -- /home/edunush/css/js/index.html
> git log --format=%H%n%aN%n%aE%n%at%n%ct%n%P%n%B -z -n41 -- /home/edunush/css/js/index.html
> git check-ignore -v -z --stdin
> git symbolic-ref --short HEAD
> git rev-parse gh-pages
> git rev-parse --symbolic-full-name gh-pages@{u}
fatal: no upstream configured for branch 'gh-pages'
> git for-each-ref --sort -committerdate --format %(refname) %(objectname)
> git remote --verbose
> git config --local branch.gh-pages.github-pr-owner-number
> git config --get commit.template
> git show --textconv :css/js/index.html
> git ls-files --stage -- /home/edunush/css/js/index.html
> git rev-list --count 346196417cf6535f12a68a390210a08894cb09a0.. -- /home/edunush/css/js/index.html
> git config --local branch.gh-pages.github-pr-owner-number
> git cat-file -s b00ab8b6d86eaf437ac383aa055e89b4b8252615
> git log --format=%H%n%aN%n%aE%n%at%n%ct%n%P%n%B -z -n2 -- /home/edunush/css/js/index.html
> git fetch
> git status -z -u
> git symbolic-ref --short HEAD
> git rev-parse gh-pages
> git rev-parse --symbolic-full-name gh-pages@{u}
fatal: no upstream configured for branch 'gh-pages'
> git for-each-ref --sort -committerdate --format %(refname) %(objectname)
> git remote --verbose
> git config --get commit.template
> git status -z -u
> git rev-list --count 346196417cf6535f12a68a390210a08894cb09a0.. -- /home/edunush/css/js/index.html
> git log --format=%H%n%aN%n%aE%n%at%n%ct%n%P%n%B -z -n2 -- /home/edunush/css/js/index.html
> git symbolic-ref --short HEAD
> git rev-parse gh-pages
> git rev-parse --symbolic-full-name gh-pages@{u}
fatal: no upstream configured for branch 'gh-pages'
> git for-each-ref --sort -committerdate --format %(refname) %(objectname)
> git remote --verbose
> git config --get commit.template
> git ls-files --stage -- /home/edunush/css/js/index.html
> git cat-file -s b00ab8b6d86eaf437ac383aa055e89b4b8252615
> git show --textconv :css/js/index.html
> git rev-list --count 346196417cf6535f12a68a390210a08894cb09a0.. -- /home/edunush/css/js/index.html
> git log --format=%H%n%aN%n%aE%n%at%n%ct%n%P%n%B -z -n2 -- /home/edunush/css/js/index.html
> git status -z -u
> git symbolic-ref --short HEAD
> git rev-parse gh-pages
> git rev-parse --symbolic-full-name gh-pages@{u}
fatal: no upstream configured for branch 'gh-pages'
> git for-each-ref --sort -committerdate --format %(refname) %(objectname)
> git remote --verbose
> git config --get commit.template
> git rev-list --count 346196417cf6535f12a68a390210a08894cb09a0.. -- /home/edunush/css/js/index.html
> git log --format=%H%n%aN%n%aE%n%at%n%ct%n%P%n%B -z -n2 -- /home/edunush/css/js/index.html
> git status -z -u
> git symbolic-ref --short HEAD
> git rev-parse gh-pages
> git rev-parse --symbolic-full-name gh-pages@{u}
fatal: no upstream configured for branch 'gh-pages'
> git for-each-ref --sort -committerdate --format %(refname) %(objectname)
> git remote --verbose
> git config --get commit.template
> git rev-list --count 346196417cf6535f12a68a390210a08894cb09a0.. -- /home/edunush/css/js/index.html
> git log --format=%H%n%aN%n%aE%n%at%n%ct%n%P%n%B -z -n2 -- /home/edunush/css/js/index.html
> git status -z -u
> git symbolic-ref --short HEAD
> git rev-parse gh-pages
> git rev-parse --symbolic-full-name gh-pages@{u}
fatal: no upstream configured for branch 'gh-pages'
> git for-each-ref --sort -committerdate --format %(refname) %(objectname)
> git remote --verbose
> git config --get commit.template
> git rev-list --count 346196417cf6535f12a68a390210a08894cb09a0.. -- /home/edunush/css/js/index.html
> git log --format=%H%n%aN%n%aE%n%at%n%ct%n%P%n%B -z -n2 -- /home/edunush/css/js/index.html
> git fetch
> git status -z -u
> git symbolic-ref --short HEAD
> git rev-parse gh-pages
> git rev-parse --symbolic-full-name gh-pages@{u}
fatal: no upstream configured for branch 'gh-pages'
> git for-each-ref --sort -committerdate --format %(refname) %(objectname)
> git remote --verbose
> git config --get commit.template
> git rev-list --count 346196417cf6535f12a68a390210a08894cb09a0.. -- /home/edunush/css/js/index.html
> git log --format=%H%n%aN%n%aE%n%at%n%ct%n%P%n%B -z -n2 -- /home/edunush/css/js/index.html
> git status -z -u
> git rev-list --count 346196417cf6535f12a68a390210a08894cb09a0.. -- /home/edunush/css/js/index.html
> git log --format=%H%n%aN%n%aE%n%at%n%ct%n%P%n%B -z -n2 -- /home/edunush/css/js/index.html
> git symbolic-ref --short HEAD
> git rev-parse gh-pages
> git rev-parse --symbolic-full-name gh-pages@{u}
fatal: no upstream configured for branch 'gh-pages'
> git for-each-ref --sort -committerdate --format %(refname) %(objectname)
> git remote --verbose
> git config --get commit.template
> git ls-files --stage -- /home/edunush/css/js/index.html
> git cat-file -s b00ab8b6d86eaf437ac383aa055e89b4b8252615
> git show --textconv :css/js/index.html
> git log --format=%H%n%aN%n%aE%n%at%n%ct%n%P%n%B -z -n21 -- /home/edunush/css/styles.css
> git show --textconv :css/styles.css
> git ls-files --stage -- /home/edunush/css/styles.css
> git cat-file -s f14a2d2ddae76f29cecc057ef09d341024249026
> git status -z -u
> git symbolic-ref --short HEAD
> git rev-parse gh-pages
> git rev-parse --symbolic-full-name gh-pages@{u}
fatal: no upstream configured for branch 'gh-pages'
> git for-each-ref --sort -committerdate --format %(refname) %(objectname)
> git remote --verbose
> git config --get commit.template
> git rev-list --count 23ca486546ddfe4a3c36f97eb491915ac26c658c.. -- /home/edunush/css/styles.css
> git log --format=%H%n%aN%n%aE%n%at%n%ct%n%P%n%B -z -n4 -- /home/edunush/css/styles.css
> git status -z -u
> git symbolic-ref --short HEAD
> git rev-parse gh-pages
> git rev-parse --symbolic-full-name gh-pages@{u}
fatal: no upstream configured for branch 'gh-pages'
> git for-each-ref --sort -committerdate --format %(refname) %(objectname)
> git remote --verbose
> git config --get commit.template
> git rev-list --count 23ca486546ddfe4a3c36f97eb491915ac26c658c.. -- /home/edunush/css/styles.css
> git log --format=%H%n%aN%n%aE%n%at%n%ct%n%P%n%B -z -n4 -- /home/edunush/css/styles.css
> git status -z -u
> git symbolic-ref --short HEAD
> git rev-parse gh-pages
> git rev-parse --symbolic-full-name gh-pages@{u}
fatal: no upstream configured for branch 'gh-pages'
> git for-each-ref --sort -committerdate --format %(refname) %(objectname)
> git remote --verbose
> git config --get commit.template
> git rev-list --count 23ca486546ddfe4a3c36f97eb491915ac26c658c.. -- /home/edunush/css/styles.css
> git log --format=%H%n%aN%n%aE%n%at%n%ct%n%P%n%B -z -n4 -- /home/edunush/css/styles.css
> git fetch
> git status -z -u
> git symbolic-ref --short HEAD
> git rev-parse gh-pages
> git rev-parse --symbolic-full-name gh-pages@{u}
fatal: no upstream configured for branch 'gh-pages'
> git for-each-ref --sort -committerdate --format %(refname) %(objectname)
> git remote --verbose
> git config --get commit.template
> git status -z -u
> git rev-list --count 23ca486546ddfe4a3c36f97eb491915ac26c658c.. -- /home/edunush/css/styles.css
> git log --format=%H%n%aN%n%aE%n%at%n%ct%n%P%n%B -z -n4 -- /home/edunush/css/styles.css
> git symbolic-ref --short HEAD
> git rev-parse gh-pages
> git rev-parse --symbolic-full-name gh-pages@{u}
fatal: no upstream configured for branch 'gh-pages'
> git for-each-ref --sort -committerdate --format %(refname) %(objectname)
> git remote --verbose
> git ls-files --stage -- /home/edunush/css/styles.css
> git config --get commit.template
> git cat-file -s f14a2d2ddae76f29cecc057ef09d341024249026
> git show --textconv :css/styles.css
> git rev-list --count 23ca486546ddfe4a3c36f97eb491915ac26c658c.. -- /home/edunush/css/styles.css
> git log --format=%H%n%aN%n%aE%n%at%n%ct%n%P%n%B -z -n4 -- /home/edunush/css/styles.css
> git status -z -u
> git symbolic-ref --short HEAD
> git rev-parse gh-pages
> git rev-parse --symbolic-full-name gh-pages@{u}
fatal: no upstream configured for branch 'gh-pages'
> git for-each-ref --sort -committerdate --format %(refname) %(objectname)
> git remote --verbose
> git config --get commit.template
> git rev-list --count 23ca486546ddfe4a3c36f97eb491915ac26c658c.. -- /home/edunush/css/styles.css
> git log --format=%H%n%aN%n%aE%n%at%n%ct%n%P%n%B -z -n4 -- /home/edunush/css/styles.css
> git status -z -u
> git symbolic-ref --short HEAD
> git rev-parse gh-pages
> git rev-parse --symbolic-full-name gh-pages@{u}
fatal: no upstream configured for branch 'gh-pages'
> git for-each-ref --sort -committerdate --format %(refname) %(objectname)
> git remote --verbose
> git config --get commit.template
> git rev-list --count 23ca486546ddfe4a3c36f97eb491915ac26c658c.. -- /home/edunush/css/styles.css
> git log --format=%H%n%aN%n%aE%n%at%n%ct%n%P%n%B -z -n4 -- /home/edunush/css/styles.css
> git status -z -u
> git symbolic-ref --short HEAD
> git rev-parse gh-pages
> git rev-parse --symbolic-full-name gh-pages@{u}
fatal: no upstream configured for branch 'gh-pages'
> git for-each-ref --sort -committerdate --format %(refname) %(objectname)
> git remote --verbose
> git config --get commit.template
> git rev-list --count 23ca486546ddfe4a3c36f97eb491915ac26c658c.. -- /home/edunush/css/styles.css
> git log --format=%H%n%aN%n%aE%n%at%n%ct%n%P%n%B -z -n4 -- /home/edunush/css/styles.css
> git status -z -u
> git symbolic-ref --short HEAD
> git rev-parse gh-pages
> git rev-parse --symbolic-full-name gh-pages@{u}
fatal: no upstream configured for branch 'gh-pages'
> git for-each-ref --sort -committerdate --format %(refname) %(objectname)
> git remote --verbose
> git config --get commit.template
> git rev-list --count 23ca486546ddfe4a3c36f97eb491915ac26c658c.. -- /home/edunush/css/styles.css
> git log --format=%H%n%aN%n%aE%n%at%n%ct%n%P%n%B -z -n4 -- /home/edunush/css/styles.css
> git status -z -u
> git symbolic-ref --short HEAD
> git rev-parse gh-pages
> git rev-parse --symbolic-full-name gh-pages@{u}
fatal: no upstream configured for branch 'gh-pages'
> git for-each-ref --sort -committerdate --format %(refname) %(objectname)
> git remote --verbose
> git config --get commit.template
> git rev-list --count 23ca486546ddfe4a3c36f97eb491915ac26c658c.. -- /home/edunush/css/styles.css
> git log --format=%H%n%aN%n%aE%n%at%n%ct%n%P%n%B -z -n4 -- /home/edunush/css/styles.css
> git status -z -u
> git symbolic-ref --short HEAD
> git rev-parse gh-pages
> git rev-parse --symbolic-full-name gh-pages@{u}
fatal: no upstream configured for branch 'gh-pages'
> git for-each-ref --sort -committerdate --format %(refname) %(objectname)
> git remote --verbose
> git config --get commit.template
> git rev-list --count 23ca486546ddfe4a3c36f97eb491915ac26c658c.. -- /home/edunush/css/styles.css
> git log --format=%H%n%aN%n%aE%n%at%n%ct%n%P%n%B -z -n4 -- /home/edunush/css/styles.css
> git status -z -u
> git symbolic-ref --short HEAD
> git rev-parse gh-pages
> git rev-parse --symbolic-full-name gh-pages@{u}
fatal: no upstream configured for branch 'gh-pages'
> git for-each-ref --sort -committerdate --format %(refname) %(objectname)
> git remote --verbose
> git config --get commit.template
> git rev-list --count 23ca486546ddfe4a3c36f97eb491915ac26c658c.. -- /home/edunush/css/styles.css
> git log --format=%H%n%aN%n%aE%n%at%n%ct%n%P%n%B -z -n4 -- /home/edunush/css/styles.css
> git ls-files --stage -- /home/edunush/css/styles.css
> git cat-file -s f14a2d2ddae76f29cecc057ef09d341024249026
> git show --textconv :css/styles.css
> git status -z -u
> git rev-list --count 23ca486546ddfe4a3c36f97eb491915ac26c658c.. -- /home/edunush/css/styles.css
> git log --format=%H%n%aN%n%aE%n%at%n%ct%n%P%n%B -z -n4 -- /home/edunush/css/styles.css
> git ls-files --stage -- /home/edunush/css/styles.css
> git cat-file -s f14a2d2ddae76f29cecc057ef09d341024249026
> git show --textconv :css/styles.css
> git symbolic-ref --short HEAD
> git rev-parse gh-pages
> git rev-parse --symbolic-full-name gh-pages@{u}
fatal: no upstream configured for branch 'gh-pages'
> git for-each-ref --sort -committerdate --format %(refname) %(objectname)
> git remote --verbose
> git config --get commit.template
> git config --local branch.gh-pages.github-pr-owner-number
> git rev-list --count 23ca486546ddfe4a3c36f97eb491915ac26c658c.. -- /home/edunush/css/styles.css
> git log --format=%H%n%aN%n%aE%n%at%n%ct%n%P%n%B -z -n4 -- /home/edunush/css/styles.css
> git status -z -u
> git symbolic-ref --short HEAD
> git rev-parse gh-pages
> git rev-parse --symbolic-full-name gh-pages@{u}
fatal: no upstream configured for branch 'gh-pages'
> git for-each-ref --sort -committerdate --format %(refname) %(objectname)
> git remote --verbose
> git config --get commit.template
> git rev-list --count 23ca486546ddfe4a3c36f97eb491915ac26c658c.. -- /home/edunush/css/styles.css
> git log --format=%H%n%aN%n%aE%n%at%n%ct%n%P%n%B -z -n4 -- /home/edunush/css/styles.css
> git status -z -u
> git symbolic-ref --short HEAD
> git rev-parse gh-pages
> git rev-parse --symbolic-full-name gh-pages@{u}
fatal: no upstream configured for branch 'gh-pages'
> git for-each-ref --sort -committerdate --format %(refname) %(objectname)
> git remote --verbose
> git config --get commit.template
> git rev-list --count 23ca486546ddfe4a3c36f97eb491915ac26c658c.. -- /home/edunush/css/styles.css
> git log --format=%H%n%aN%n%aE%n%at%n%ct%n%P%n%B -z -n4 -- /home/edunush/css/styles.css
> git status -z -u
> git symbolic-ref --short HEAD
> git rev-parse gh-pages
> git rev-parse --symbolic-full-name gh-pages@{u}
fatal: no upstream configured for branch 'gh-pages'
> git for-each-ref --sort -committerdate --format %(refname) %(objectname)
> git remote --verbose
> git config --get commit.template
> git rev-list --count 23ca486546ddfe4a3c36f97eb491915ac26c658c.. -- /home/edunush/css/styles.css
> git log --format=%H%n%aN%n%aE%n%at%n%ct%n%P%n%B -z -n4 -- /home/edunush/css/styles.css
> git status -z -u
> git symbolic-ref --short HEAD
> git rev-parse gh-pages
> git rev-parse --symbolic-full-name gh-pages@{u}
fatal: no upstream configured for branch 'gh-pages'
> git for-each-ref --sort -committerdate --format %(refname) %(objectname)
> git remote --verbose
> git config --get commit.template
> git rev-list --count 23ca486546ddfe4a3c36f97eb491915ac26c658c.. -- /home/edunush/css/styles.css
> git log --format=%H%n%aN%n%aE%n%at%n%ct%n%P%n%B -z -n4 -- /home/edunush/css/styles.css
> git status -z -u
> git symbolic-ref --short HEAD
> git rev-parse gh-pages
> git rev-parse --symbolic-full-name gh-pages@{u}
fatal: no upstream configured for branch 'gh-pages'
> git for-each-ref --sort -committerdate --format %(refname) %(objectname)
> git remote --verbose
> git config --get commit.template
> git rev-list --count 23ca486546ddfe4a3c36f97eb491915ac26c658c.. -- /home/edunush/css/styles.css
> git log --format=%H%n%aN%n%aE%n%at%n%ct%n%P%n%B -z -n4 -- /home/edunush/css/styles.css
> git status -z -u
> git symbolic-ref --short HEAD
> git rev-parse gh-pages
> git rev-parse --symbolic-full-name gh-pages@{u}
fatal: no upstream configured for branch 'gh-pages'
> git for-each-ref --sort -committerdate --format %(refname) %(objectname)
> git remote --verbose
> git config --get commit.template
> git rev-list --count 23ca486546ddfe4a3c36f97eb491915ac26c658c.. -- /home/edunush/css/styles.css
> git log --format=%H%n%aN%n%aE%n%at%n%ct%n%P%n%B -z -n4 -- /home/edunush/css/styles.css
> git status -z -u
> git symbolic-ref --short HEAD
> git rev-parse gh-pages
> git rev-parse --symbolic-full-name gh-pages@{u}
fatal: no upstream configured for branch 'gh-pages'
> git for-each-ref --sort -committerdate --format %(refname) %(objectname)
> git remote --verbose
> git config --get commit.template
> git rev-list --count 23ca486546ddfe4a3c36f97eb491915ac26c658c.. -- /home/edunush/css/styles.css
> git log --format=%H%n%aN%n%aE%n%at%n%ct%n%P%n%B -z -n4 -- /home/edunush/css/styles.css
> git status -z -u
> git symbolic-ref --short HEAD
> git rev-parse gh-pages
> git rev-parse --symbolic-full-name gh-pages@{u}
fatal: no upstream configured for branch 'gh-pages'
> git for-each-ref --sort -committerdate --format %(refname) %(objectname)
> git remote --verbose
> git config --get commit.template
> git rev-list --count 23ca486546ddfe4a3c36f97eb491915ac26c658c.. -- /home/edunush/css/styles.css
> git log --format=%H%n%aN%n%aE%n%at%n%ct%n%P%n%B -z -n4 -- /home/edunush/css/styles.css
> git status -z -u
> git symbolic-ref --short HEAD
> git rev-parse gh-pages
> git rev-parse --symbolic-full-name gh-pages@{u}
fatal: no upstream configured for branch 'gh-pages'
> git for-each-ref --sort -committerdate --format %(refname) %(objectname)
> git remote --verbose
> git config --get commit.template
> git rev-list --count 23ca486546ddfe4a3c36f97eb491915ac26c658c.. -- /home/edunush/css/styles.css
> git log --format=%H%n%aN%n%aE%n%at%n%ct%n%P%n%B -z -n4 -- /home/edunush/css/styles.css
> git status -z -u
> git symbolic-ref --short HEAD
> git rev-parse gh-pages
> git rev-parse --symbolic-full-name gh-pages@{u}
fatal: no upstream configured for branch 'gh-pages'
> git for-each-ref --sort -committerdate --format %(refname) %(objectname)
> git remote --verbose
> git config --get commit.template
> git rev-list --count 23ca486546ddfe4a3c36f97eb491915ac26c658c.. -- /home/edunush/css/styles.css
> git log --format=%H%n%aN%n%aE%n%at%n%ct%n%P%n%B -z -n4 -- /home/edunush/css/styles.css
> git status -z -u
> git symbolic-ref --short HEAD
> git rev-parse gh-pages
> git rev-parse --symbolic-full-name gh-pages@{u}
fatal: no upstream configured for branch 'gh-pages'
> git for-each-ref --sort -committerdate --format %(refname) %(objectname)
> git remote --verbose
> git config --get commit.template
> git rev-list --count 23ca486546ddfe4a3c36f97eb491915ac26c658c.. -- /home/edunush/css/styles.css
> git log --format=%H%n%aN%n%aE%n%at%n%ct%n%P%n%B -z -n4 -- /home/edunush/css/styles.css
> git status -z -u
> git symbolic-ref --short HEAD
> git rev-parse gh-pages
> git rev-parse --symbolic-full-name gh-pages@{u}
fatal: no upstream configured for branch 'gh-pages'
> git for-each-ref --sort -committerdate --format %(refname) %(objectname)
> git remote --verbose
> git config --get commit.template
> git rev-list --count 23ca486546ddfe4a3c36f97eb491915ac26c658c.. -- /home/edunush/css/styles.css
> git log --format=%H%n%aN%n%aE%n%at%n%ct%n%P%n%B -z -n4 -- /home/edunush/css/styles.css
> git status -z -u
> git symbolic-ref --short HEAD
> git rev-parse gh-pages
> git rev-parse --symbolic-full-name gh-pages@{u}
fatal: no upstream configured for branch 'gh-pages'
> git for-each-ref --sort -committerdate --format %(refname) %(objectname)
> git remote --verbose
> git config --get commit.template
> git rev-list --count 23ca486546ddfe4a3c36f97eb491915ac26c658c.. -- /home/edunush/css/styles.css
> git log --format=%H%n%aN%n%aE%n%at%n%ct%n%P%n%B -z -n4 -- /home/edunush/css/styles.css
> git status -z -u
> git symbolic-ref --short HEAD
> git rev-parse gh-pages
> git rev-parse --symbolic-full-name gh-pages@{u}
fatal: no upstream configured for branch 'gh-pages'
> git for-each-ref --sort -committerdate --format %(refname) %(objectname)
> git remote --verbose
> git config --get commit.template
> git rev-list --count 23ca486546ddfe4a3c36f97eb491915ac26c658c.. -- /home/edunush/css/styles.css
> git log --format=%H%n%aN%n%aE%n%at%n%ct%n%P%n%B -z -n4 -- /home/edunush/css/styles.css
> git status -z -u
> git symbolic-ref --short HEAD
> git rev-parse gh-pages
> git rev-parse --symbolic-full-name gh-pages@{u}
fatal: no upstream configured for branch 'gh-pages'
> git for-each-ref --sort -committerdate --format %(refname) %(objectname)
> git remote --verbose
> git config --get commit.template
> git rev-list --count 23ca486546ddfe4a3c36f97eb491915ac26c658c.. -- /home/edunush/css/styles.css
> git log --format=%H%n%aN%n%aE%n%at%n%ct%n%P%n%B -z -n4 -- /home/edunush/css/styles.css
> git status -z -u
> git symbolic-ref --short HEAD
> git rev-parse gh-pages
> git rev-parse --symbolic-full-name gh-pages@{u}
fatal: no upstream configured for branch 'gh-pages'
> git for-each-ref --sort -committerdate --format %(refname) %(objectname)
> git remote --verbose
> git config --get commit.template
> git rev-list --count 23ca486546ddfe4a3c36f97eb491915ac26c658c.. -- /home/edunush/css/styles.css
> git log --format=%H%n%aN%n%aE%n%at%n%ct%n%P%n%B -z -n4 -- /home/edunush/css/styles.css
> git status -z -u
> git symbolic-ref --short HEAD
> git rev-parse gh-pages
> git rev-parse --symbolic-full-name gh-pages@{u}
fatal: no upstream configured for branch 'gh-pages'
> git for-each-ref --sort -committerdate --format %(refname) %(objectname)
> git remote --verbose
> git config --get commit.template
> git rev-list --count 23ca486546ddfe4a3c36f97eb491915ac26c658c.. -- /home/edunush/css/styles.css
> git log --format=%H%n%aN%n%aE%n%at%n%ct%n%P%n%B -z -n4 -- /home/edunush/css/styles.css
> git status -z -u
> git symbolic-ref --short HEAD
> git rev-parse gh-pages
> git rev-parse --symbolic-full-name gh-pages@{u}
fatal: no upstream configured for branch 'gh-pages'
> git for-each-ref --sort -committerdate --format %(refname) %(objectname)
> git remote --verbose
> git config --get commit.template
> git rev-list --count 23ca486546ddfe4a3c36f97eb491915ac26c658c.. -- /home/edunush/css/styles.css
> git log --format=%H%n%aN%n%aE%n%at%n%ct%n%P%n%B -z -n4 -- /home/edunush/css/styles.css
> git status -z -u
> git symbolic-ref --short HEAD
> git rev-parse gh-pages
> git rev-parse --symbolic-full-name gh-pages@{u}
fatal: no upstream configured for branch 'gh-pages'
> git for-each-ref --sort -committerdate --format %(refname) %(objectname)
> git remote --verbose
> git config --get commit.template
> git rev-list --count 23ca486546ddfe4a3c36f97eb491915ac26c658c.. -- /home/edunush/css/styles.css
> git log --format=%H%n%aN%n%aE%n%at%n%ct%n%P%n%B -z -n4 -- /home/edunush/css/styles.css
> git fetch
> git status -z -u
> git symbolic-ref --short HEAD
> git rev-parse gh-pages
> git rev-parse --symbolic-full-name gh-pages@{u}
fatal: no upstream configured for branch 'gh-pages'
> git for-each-ref --sort -committerdate --format %(refname) %(objectname)
> git remote --verbose
> git config --get commit.template
> git rev-list --count 23ca486546ddfe4a3c36f97eb491915ac26c658c.. -- /home/edunush/css/styles.css
> git log --format=%H%n%aN%n%aE%n%at%n%ct%n%P%n%B -z -n4 -- /home/edunush/css/styles.css
> git status -z -u
> git symbolic-ref --short HEAD
> git rev-parse gh-pages
> git rev-parse --symbolic-full-name gh-pages@{u}
> git rev-list --count 23ca486546ddfe4a3c36f97eb491915ac26c658c.. -- /home/edunush/css/styles.css
fatal: no upstream configured for branch 'gh-pages'
> git for-each-ref --sort -committerdate --format %(refname) %(objectname)
> git remote --verbose
> git log --format=%H%n%aN%n%aE%n%at%n%ct%n%P%n%B -z -n4 -- /home/edunush/css/styles.css
> git config --get commit.template
> git ls-files --stage -- /home/edunush/css/styles.css
> git cat-file -s f14a2d2ddae76f29cecc057ef09d341024249026
> git rev-list --count 23ca486546ddfe4a3c36f97eb491915ac26c658c.. -- /home/edunush/css/styles.css
> git show --textconv :css/styles.css
> git log --format=%H%n%aN%n%aE%n%at%n%ct%n%P%n%B -z -n4 -- /home/edunush/css/styles.css
> git status -z -u
> git symbolic-ref --short HEAD
> git rev-parse gh-pages
> git rev-parse --symbolic-full-name gh-pages@{u}
fatal: no upstream configured for branch 'gh-pages'
> git for-each-ref --sort -committerdate --format %(refname) %(objectname)
> git remote --verbose
> git config --get commit.template
> git rev-list --count 23ca486546ddfe4a3c36f97eb491915ac26c658c.. -- /home/edunush/css/styles.css
> git log --format=%H%n%aN%n%aE%n%at%n%ct%n%P%n%B -z -n4 -- /home/edunush/css/styles.css
> git status -z -u
> git symbolic-ref --short HEAD
> git rev-parse gh-pages
> git rev-parse --symbolic-full-name gh-pages@{u}
fatal: no upstream configured for branch 'gh-pages'
> git for-each-ref --sort -committerdate --format %(refname) %(objectname)
> git remote --verbose
> git config --get commit.template
> git rev-list --count 23ca486546ddfe4a3c36f97eb491915ac26c658c.. -- /home/edunush/css/styles.css
> git log --format=%H%n%aN%n%aE%n%at%n%ct%n%P%n%B -z -n4 -- /home/edunush/css/styles.css
> git status -z -u
> git symbolic-ref --short HEAD
> git rev-parse gh-pages
> git rev-parse --symbolic-full-name gh-pages@{u}
fatal: no upstream configured for branch 'gh-pages'
> git for-each-ref --sort -committerdate --format %(refname) %(objectname)
> git remote --verbose
> git config --get commit.template
> git rev-list --count 23ca486546ddfe4a3c36f97eb491915ac26c658c.. -- /home/edunush/css/styles.css
> git log --format=%H%n%aN%n%aE%n%at%n%ct%n%P%n%B -z -n4 -- /home/edunush/css/styles.css
> git status -z -u
> git symbolic-ref --short HEAD
> git rev-parse gh-pages
> git rev-parse --symbolic-full-name gh-pages@{u}
fatal: no upstream configured for branch 'gh-pages'
> git for-each-ref --sort -committerdate --format %(refname) %(objectname)
> git remote --verbose
> git config --get commit.template
> git rev-list --count 23ca486546ddfe4a3c36f97eb491915ac26c658c.. -- /home/edunush/css/styles.css
> git log --format=%H%n%aN%n%aE%n%at%n%ct%n%P%n%B -z -n4 -- /home/edunush/css/styles.css
> git status -z -u
> git symbolic-ref --short HEAD
> git rev-parse gh-pages
> git rev-parse --symbolic-full-name gh-pages@{u}
fatal: no upstream configured for branch 'gh-pages'
> git for-each-ref --sort -committerdate --format %(refname) %(objectname)
> git remote --verbose
> git config --get commit.template
> git rev-list --count 23ca486546ddfe4a3c36f97eb491915ac26c658c.. -- /home/edunush/css/styles.css
> git log --format=%H%n%aN%n%aE%n%at%n%ct%n%P%n%B -z -n4 -- /home/edunush/css/styles.css
> git status -z -u
> git symbolic-ref --short HEAD
> git rev-parse gh-pages
> git rev-parse --symbolic-full-name gh-pages@{u}
fatal: no upstream configured for branch 'gh-pages'
> git for-each-ref --sort -committerdate --format %(refname) %(objectname)
> git remote --verbose
> git config --get commit.template
> git rev-list --count 23ca486546ddfe4a3c36f97eb491915ac26c658c.. -- /home/edunush/css/styles.css
> git log --format=%H%n%aN%n%aE%n%at%n%ct%n%P%n%B -z -n4 -- /home/edunush/css/styles.css
> git status -z -u
> git symbolic-ref --short HEAD
> git rev-parse gh-pages
> git rev-parse --symbolic-full-name gh-pages@{u}
fatal: no upstream configured for branch 'gh-pages'
> git for-each-ref --sort -committerdate --format %(refname) %(objectname)
> git remote --verbose
> git config --get commit.template
> git rev-list --count 23ca486546ddfe4a3c36f97eb491915ac26c658c.. -- /home/edunush/css/styles.css
> git log --format=%H%n%aN%n%aE%n%at%n%ct%n%P%n%B -z -n4 -- /home/edunush/css/styles.css
> git status -z -u
> git symbolic-ref --short HEAD
> git rev-parse gh-pages
> git rev-parse --symbolic-full-name gh-pages@{u}
fatal: no upstream configured for branch 'gh-pages'
> git for-each-ref --sort -committerdate --format %(refname) %(objectname)
> git remote --verbose
> git config --get commit.template
> git rev-list --count 23ca486546ddfe4a3c36f97eb491915ac26c658c.. -- /home/edunush/css/styles.css
> git log --format=%H%n%aN%n%aE%n%at%n%ct%n%P%n%B -z -n4 -- /home/edunush/css/styles.css
> git status -z -u
> git symbolic-ref --short HEAD
> git rev-parse gh-pages
> git rev-parse --symbolic-full-name gh-pages@{u}
fatal: no upstream configured for branch 'gh-pages'
> git for-each-ref --sort -committerdate --format %(refname) %(objectname)
> git remote --verbose
> git config --get commit.template
> git rev-list --count 23ca486546ddfe4a3c36f97eb491915ac26c658c.. -- /home/edunush/css/styles.css
> git log --format=%H%n%aN%n%aE%n%at%n%ct%n%P%n%B -z -n4 -- /home/edunush/css/styles.css
> git status -z -u
> git symbolic-ref --short HEAD
> git rev-parse gh-pages
> git rev-parse --symbolic-full-name gh-pages@{u}
fatal: no upstream configured for branch 'gh-pages'
> git for-each-ref --sort -committerdate --format %(refname) %(objectname)
> git remote --verbose
> git config --get commit.template
> git rev-list --count 23ca486546ddfe4a3c36f97eb491915ac26c658c.. -- /home/edunush/css/styles.css
> git log --format=%H%n%aN%n%aE%n%at%n%ct%n%P%n%B -z -n4 -- /home/edunush/css/styles.css
> git status -z -u
> git symbolic-ref --short HEAD
> git rev-parse gh-pages
> git rev-parse --symbolic-full-name gh-pages@{u}
fatal: no upstream configured for branch 'gh-pages'
> git for-each-ref --sort -committerdate --format %(refname) %(objectname)
> git remote --verbose
> git config --get commit.template
> git rev-list --count 23ca486546ddfe4a3c36f97eb491915ac26c658c.. -- /home/edunush/css/styles.css
> git log --format=%H%n%aN%n%aE%n%at%n%ct%n%P%n%B -z -n4 -- /home/edunush/css/styles.css
> git status -z -u
> git symbolic-ref --short HEAD
> git rev-parse gh-pages
> git rev-parse --symbolic-full-name gh-pages@{u}
fatal: no upstream configured for branch 'gh-pages'
> git for-each-ref --sort -committerdate --format %(refname) %(objectname)
> git remote --verbose
> git config --get commit.template
> git rev-list --count 23ca486546ddfe4a3c36f97eb491915ac26c658c.. -- /home/edunush/css/styles.css
> git log --format=%H%n%aN%n%aE%n%at%n%ct%n%P%n%B -z -n4 -- /home/edunush/css/styles.css
> git status -z -u
> git symbolic-ref --short HEAD
> git rev-parse gh-pages
> git rev-parse --symbolic-full-name gh-pages@{u}
fatal: no upstream configured for branch 'gh-pages'
> git for-each-ref --sort -committerdate --format %(refname) %(objectname)
> git remote --verbose
> git config --get commit.template
> git rev-list --count 23ca486546ddfe4a3c36f97eb491915ac26c658c.. -- /home/edunush/css/styles.css
> git log --format=%H%n%aN%n%aE%n%at%n%ct%n%P%n%B -z -n4 -- /home/edunush/css/styles.css
> git status -z -u
> git symbolic-ref --short HEAD
> git rev-parse gh-pages
> git rev-parse --symbolic-full-name gh-pages@{u}
fatal: no upstream configured for branch 'gh-pages'
> git for-each-ref --sort -committerdate --format %(refname) %(objectname)
> git remote --verbose
> git config --get commit.template
> git rev-list --count 23ca486546ddfe4a3c36f97eb491915ac26c658c.. -- /home/edunush/css/styles.css
> git log --format=%H%n%aN%n%aE%n%at%n%ct%n%P%n%B -z -n4 -- /home/edunush/css/styles.css
> git status -z -u
> git symbolic-ref --short HEAD
> git rev-parse gh-pages
> git rev-parse --symbolic-full-name gh-pages@{u}
fatal: no upstream configured for branch 'gh-pages'
> git for-each-ref --sort -committerdate --format %(refname) %(objectname)
> git remote --verbose
> git config --get commit.template
> git rev-list --count 23ca486546ddfe4a3c36f97eb491915ac26c658c.. -- /home/edunush/css/styles.css
> git log --format=%H%n%aN%n%aE%n%at%n%ct%n%P%n%B -z -n4 -- /home/edunush/css/styles.css
> git status -z -u
> git symbolic-ref --short HEAD
> git rev-parse gh-pages
> git rev-parse --symbolic-full-name gh-pages@{u}
fatal: no upstream configured for branch 'gh-pages'
> git for-each-ref --sort -committerdate --format %(refname) %(objectname)
> git remote --verbose
> git config --get commit.template
> git rev-list --count 23ca486546ddfe4a3c36f97eb491915ac26c658c.. -- /home/edunush/css/styles.css
> git log --format=%H%n%aN%n%aE%n%at%n%ct%n%P%n%B -z -n4 -- /home/edunush/css/styles.css
> git status -z -u
> git symbolic-ref --short HEAD
> git rev-parse gh-pages
> git rev-parse --symbolic-full-name gh-pages@{u}
fatal: no upstream configured for branch 'gh-pages'
> git for-each-ref --sort -committerdate --format %(refname) %(objectname)
> git remote --verbose
> git config --get commit.template
> git rev-list --count 23ca486546ddfe4a3c36f97eb491915ac26c658c.. -- /home/edunush/css/styles.css
> git log --format=%H%n%aN%n%aE%n%at%n%ct%n%P%n%B -z -n4 -- /home/edunush/css/styles.css
> git status -z -u
> git symbolic-ref --short HEAD
> git rev-parse gh-pages
> git rev-parse --symbolic-full-name gh-pages@{u}
fatal: no upstream configured for branch 'gh-pages'
> git for-each-ref --sort -committerdate --format %(refname) %(objectname)
> git remote --verbose
> git config --get commit.template
> git rev-list --count 23ca486546ddfe4a3c36f97eb491915ac26c658c.. -- /home/edunush/css/styles.css
> git log --format=%H%n%aN%n%aE%n%at%n%ct%n%P%n%B -z -n4 -- /home/edunush/css/styles.css
> git status -z -u
> git symbolic-ref --short HEAD
> git rev-parse gh-pages
> git rev-parse --symbolic-full-name gh-pages@{u}
fatal: no upstream configured for branch 'gh-pages'
> git for-each-ref --sort -committerdate --format %(refname) %(objectname)
> git remote --verbose
> git config --get commit.template
> git rev-list --count 23ca486546ddfe4a3c36f97eb491915ac26c658c.. -- /home/edunush/css/styles.css
> git log --format=%H%n%aN%n%aE%n%at%n%ct%n%P%n%B -z -n4 -- /home/edunush/css/styles.css
> git status -z -u
> git symbolic-ref --short HEAD
> git rev-parse gh-pages
> git rev-parse --symbolic-full-name gh-pages@{u}
fatal: no upstream configured for branch 'gh-pages'
> git for-each-ref --sort -committerdate --format %(refname) %(objectname)
> git remote --verbose
> git config --get commit.template
> git rev-list --count 23ca486546ddfe4a3c36f97eb491915ac26c658c.. -- /home/edunush/css/styles.css
> git log --format=%H%n%aN%n%aE%n%at%n%ct%n%P%n%B -z -n4 -- /home/edunush/css/styles.css
> git status -z -u
> git symbolic-ref --short HEAD
> git rev-parse gh-pages
> git rev-parse --symbolic-full-name gh-pages@{u}
fatal: no upstream configured for branch 'gh-pages'
> git for-each-ref --sort -committerdate --format %(refname) %(objectname)
> git remote --verbose
> git config --get commit.template
> git rev-list --count 23ca486546ddfe4a3c36f97eb491915ac26c658c.. -- /home/edunush/css/styles.css
> git log --format=%H%n%aN%n%aE%n%at%n%ct%n%P%n%B -z -n4 -- /home/edunush/css/styles.css
> git status -z -u
> git symbolic-ref --short HEAD
> git rev-parse gh-pages
> git rev-parse --symbolic-full-name gh-pages@{u}
fatal: no upstream configured for branch 'gh-pages'
> git for-each-ref --sort -committerdate --format %(refname) %(objectname)
> git remote --verbose
> git config --get commit.template
> git rev-list --count 23ca486546ddfe4a3c36f97eb491915ac26c658c.. -- /home/edunush/css/styles.css
> git log --format=%H%n%aN%n%aE%n%at%n%ct%n%P%n%B -z -n4 -- /home/edunush/css/styles.css
> git status -z -u
> git symbolic-ref --short HEAD
> git rev-parse gh-pages
> git rev-parse --symbolic-full-name gh-pages@{u}
fatal: no upstream configured for branch 'gh-pages'
> git for-each-ref --sort -committerdate --format %(refname) %(objectname)
> git remote --verbose
> git config --get commit.template
> git rev-list --count 23ca486546ddfe4a3c36f97eb491915ac26c658c.. -- /home/edunush/css/styles.css
> git log --format=%H%n%aN%n%aE%n%at%n%ct%n%P%n%B -z -n4 -- /home/edunush/css/styles.css
> git rev-list --count 23ca486546ddfe4a3c36f97eb491915ac26c658c.. -- /home/edunush/css/styles.css
> git log --format=%H%n%aN%n%aE%n%at%n%ct%n%P%n%B -z -n4 -- /home/edunush/css/styles.css
> git fetch
> git status -z -u
> git ls-files --stage -- /home/edunush/css/styles.css
> git cat-file -s f14a2d2ddae76f29cecc057ef09d341024249026
> git show --textconv :css/styles.css
> git symbolic-ref --short HEAD
> git rev-parse gh-pages
> git rev-parse --symbolic-full-name gh-pages@{u}
fatal: no upstream configured for branch 'gh-pages'
> git for-each-ref --sort -committerdate --format %(refname) %(objectname)
> git remote --verbose
> git config --get commit.template
> git rev-list --count 23ca486546ddfe4a3c36f97eb491915ac26c658c.. -- /home/edunush/css/styles.css
> git log --format=%H%n%aN%n%aE%n%at%n%ct%n%P%n%B -z -n4 -- /home/edunush/css/styles.css
> git status -z -u
> git symbolic-ref --short HEAD
> git rev-parse gh-pages
> git rev-parse --symbolic-full-name gh-pages@{u}
fatal: no upstream configured for branch 'gh-pages'
> git for-each-ref --sort -committerdate --format %(refname) %(objectname)
> git remote --verbose
> git rev-list --count 23ca486546ddfe4a3c36f97eb491915ac26c658c.. -- /home/edunush/css/styles.css
> git config --get commit.template
> git log --format=%H%n%aN%n%aE%n%at%n%ct%n%P%n%B -z -n4 -- /home/edunush/css/styles.css
> git rev-list --count 23ca486546ddfe4a3c36f97eb491915ac26c658c.. -- /home/edunush/css/styles.css
> git ls-files --stage -- /home/edunush/css/styles.css
> git log --format=%H%n%aN%n%aE%n%at%n%ct%n%P%n%B -z -n4 -- /home/edunush/css/styles.css
> git cat-file -s f14a2d2ddae76f29cecc057ef09d341024249026
> git show --textconv :css/styles.css
> git status -z -u
> git symbolic-ref --short HEAD
> git rev-parse gh-pages
> git rev-parse --symbolic-full-name gh-pages@{u}
fatal: no upstream configured for branch 'gh-pages'
> git for-each-ref --sort -committerdate --format %(refname) %(objectname)
> git remote --verbose
> git config --get commit.template
> git rev-list --count 23ca486546ddfe4a3c36f97eb491915ac26c658c.. -- /home/edunush/css/styles.css
> git log --format=%H%n%aN%n%aE%n%at%n%ct%n%P%n%B -z -n4 -- /home/edunush/css/styles.css
> git status -z -u
> git symbolic-ref --short HEAD
> git rev-parse gh-pages
> git rev-parse --symbolic-full-name gh-pages@{u}
fatal: no upstream configured for branch 'gh-pages'
> git for-each-ref --sort -committerdate --format %(refname) %(objectname)
> git remote --verbose
> git config --get commit.template
> git rev-list --count 23ca486546ddfe4a3c36f97eb491915ac26c658c.. -- /home/edunush/css/styles.css
> git log --format=%H%n%aN%n%aE%n%at%n%ct%n%P%n%B -z -n4 -- /home/edunush/css/styles.css
> git status -z -u
> git symbolic-ref --short HEAD
> git rev-parse gh-pages
> git rev-parse --symbolic-full-name gh-pages@{u}
fatal: no upstream configured for branch 'gh-pages'
> git for-each-ref --sort -committerdate --format %(refname) %(objectname)
> git remote --verbose
> git config --get commit.template
> git rev-list --count 23ca486546ddfe4a3c36f97eb491915ac26c658c.. -- /home/edunush/css/styles.css
> git log --format=%H%n%aN%n%aE%n%at%n%ct%n%P%n%B -z -n4 -- /home/edunush/css/styles.css
> git status -z -u
> git symbolic-ref --short HEAD
> git rev-parse gh-pages
> git rev-parse --symbolic-full-name gh-pages@{u}
fatal: no upstream configured for branch 'gh-pages'
> git for-each-ref --sort -committerdate --format %(refname) %(objectname)
> git remote --verbose
> git config --get commit.template
> git log --format=%H%n%aN%n%aE%n%at%n%ct%n%P%n%B -z -n21 -- /home/edunush/css/js/index.html
> git show --textconv :css/js/index.html
> git ls-files --stage -- /home/edunush/css/js/index.html
> git rev-list --count 346196417cf6535f12a68a390210a08894cb09a0.. -- /home/edunush/css/js/index.html
> git cat-file -s 9943a50b96e324652fd2fc078128df4e098c7070
> git log --format=%H%n%aN%n%aE%n%at%n%ct%n%P%n%B -z -n3 -- /home/edunush/css/js/index.html
> git status -z -u
> git symbolic-ref --short HEAD
> git rev-parse gh-pages
> git rev-parse --symbolic-full-name gh-pages@{u}
fatal: no upstream configured for branch 'gh-pages'
> git for-each-ref --sort -committerdate --format %(refname) %(objectname)
> git remote --verbose
> git config --get commit.template
> git rev-list --count 346196417cf6535f12a68a390210a08894cb09a0.. -- /home/edunush/css/js/index.html
> git log --format=%H%n%aN%n%aE%n%at%n%ct%n%P%n%B -z -n3 -- /home/edunush/css/js/index.html
> git status -z -u
> git symbolic-ref --short HEAD
> git rev-parse gh-pages
> git rev-parse --symbolic-full-name gh-pages@{u}
fatal: no upstream configured for branch 'gh-pages'
> git for-each-ref --sort -committerdate --format %(refname) %(objectname)
> git remote --verbose
> git config --get commit.template
> git rev-list --count 346196417cf6535f12a68a390210a08894cb09a0.. -- /home/edunush/css/js/index.html
> git log --format=%H%n%aN%n%aE%n%at%n%ct%n%P%n%B -z -n3 -- /home/edunush/css/js/index.html
> git status -z -u
> git symbolic-ref --short HEAD
> git rev-parse gh-pages
> git rev-parse --symbolic-full-name gh-pages@{u}
fatal: no upstream configured for branch 'gh-pages'
> git for-each-ref --sort -committerdate --format %(refname) %(objectname)
> git remote --verbose
> git config --get commit.template
> git rev-list --count 346196417cf6535f12a68a390210a08894cb09a0.. -- /home/edunush/css/js/index.html
> git log --format=%H%n%aN%n%aE%n%at%n%ct%n%P%n%B -z -n3 -- /home/edunush/css/js/index.html
