[2020-10-03 19:50:53.282] [exthost] [info] extension host started
[2020-10-03 19:50:53.482] [exthost] [info] ExtensionService#_doActivateExtension vscode.emmet {"startup":false,"extensionId":{"value":"vscode.emmet","_lower":"vscode.emmet"},"activationEvent":"onLanguage:html"}
[2020-10-03 19:50:53.483] [exthost] [info] ExtensionService#loadCommonJSModule file:///home/edunush/.vscode-server/bin/e5e9e69aed6e1984f7499b7af85b3d05f9a6883a/extensions/emmet/dist/node/emmetNodeMain
[2020-10-03 19:50:53.585] [exthost] [info] ExtensionService#_doActivateExtension vscode.html-language-features {"startup":false,"extensionId":{"value":"vscode.html-language-features","_lower":"vscode.html-language-features"},"activationEvent":"onLanguage:html"}
[2020-10-03 19:50:53.586] [exthost] [info] ExtensionService#loadCommonJSModule file:///home/edunush/.vscode-server/bin/e5e9e69aed6e1984f7499b7af85b3d05f9a6883a/extensions/html-language-features/client/dist/node/htmlClientMain
[2020-10-03 19:50:53.809] [exthost] [info] ExtensionService#_doActivateExtension vscode.debug-auto-launch {"startup":true,"extensionId":{"value":"vscode.debug-auto-launch","_lower":"vscode.debug-auto-launch"},"activationEvent":"*"}
[2020-10-03 19:50:53.810] [exthost] [info] ExtensionService#loadCommonJSModule file:///home/edunush/.vscode-server/bin/e5e9e69aed6e1984f7499b7af85b3d05f9a6883a/extensions/debug-auto-launch/dist/extension
[2020-10-03 19:50:53.875] [exthost] [info] ExtensionService#_doActivateExtension vscode.git {"startup":true,"extensionId":{"value":"vscode.github","_lower":"vscode.github"},"activationEvent":"*"}
[2020-10-03 19:50:53.876] [exthost] [info] ExtensionService#loadCommonJSModule file:///home/edunush/.vscode-server/bin/e5e9e69aed6e1984f7499b7af85b3d05f9a6883a/extensions/git/dist/main
[2020-10-03 19:50:54.177] [exthost] [info] ExtensionService#_doActivateExtension vscode.merge-conflict {"startup":true,"extensionId":{"value":"vscode.merge-conflict","_lower":"vscode.merge-conflict"},"activationEvent":"*"}
[2020-10-03 19:50:54.177] [exthost] [info] ExtensionService#loadCommonJSModule file:///home/edunush/.vscode-server/bin/e5e9e69aed6e1984f7499b7af85b3d05f9a6883a/extensions/merge-conflict/dist/mergeConflictMain
[2020-10-03 19:50:54.228] [exthost] [info] ExtensionService#_doActivateExtension vscode.search-result {"startup":true,"extensionId":{"value":"vscode.search-result","_lower":"vscode.search-result"},"activationEvent":"*"}
[2020-10-03 19:50:54.228] [exthost] [info] ExtensionService#loadCommonJSModule file:///home/edunush/.vscode-server/bin/e5e9e69aed6e1984f7499b7af85b3d05f9a6883a/extensions/search-result/dist/extension.js
[2020-10-03 19:50:54.250] [exthost] [info] ExtensionService#_doActivateExtension ritwickdey.LiveServer {"startup":true,"extensionId":{"value":"ritwickdey.LiveServer","_lower":"ritwickdey.liveserver"},"activationEvent":"*"}
[2020-10-03 19:50:54.250] [exthost] [info] ExtensionService#loadCommonJSModule file:///home/edunush/.vscode-server/extensions/ritwickdey.liveserver-5.6.1/out/src/extension
[2020-10-03 19:50:59.055] [exthost] [info] ExtensionService#_doActivateExtension vscode.github {"startup":true,"extensionId":{"value":"vscode.github","_lower":"vscode.github"},"activationEvent":"*"}
[2020-10-03 19:50:59.056] [exthost] [info] ExtensionService#loadCommonJSModule file:///home/edunush/.vscode-server/bin/e5e9e69aed6e1984f7499b7af85b3d05f9a6883a/extensions/github/dist/extension.js
[2020-10-03 19:50:59.283] [exthost] [info] ExtensionService#_doActivateExtension GitHub.vscode-pull-request-github {"startup":false,"extensionId":{"value":"GitHub.vscode-pull-request-github","_lower":"github.vscode-pull-request-github"},"activationEvent":"onStartupFinished"}
[2020-10-03 19:50:59.283] [exthost] [info] ExtensionService#loadCommonJSModule file:///home/edunush/.vscode-server/extensions/github.vscode-pull-request-github-0.20.0/media/extension
[2020-10-03 19:50:59.493] [exthost] [info] eager extensions activated
[2020-10-03 19:51:00.682] [exthost] [info] Extension 'GitHub.vscode-pull-request-github' uses a document selector without scheme. Learn more about this: https://go.microsoft.com/fwlink/?linkid=872305
[2020-10-03 19:51:00.977] [exthost] [error] {"message":"Git error","stdout":"","stderr":"fatal: Pathspec '/home/edunush/nushedu/bootstrap-4.0.0 (1)' is in submodule 'nushedu'\n","exitCode":128,"gitErrorCode":"IsInSubmodule"}
[2020-10-03 19:51:00.977] [exthost] [error] {"message":"Git error","stdout":"","stderr":"fatal: Pathspec '/home/edunush/nushedu/bootstrap-4.0.0 (1)' is in submodule 'nushedu'\n","exitCode":128,"gitErrorCode":"IsInSubmodule"}
[2020-10-03 19:51:00.977] [exthost] [error] {"message":"Git error","stdout":"","stderr":"fatal: Pathspec '/home/edunush/nushedu/bootstrap-4.0.0 (1)' is in submodule 'nushedu'\n","exitCode":128,"gitErrorCode":"IsInSubmodule"}
[2020-10-03 19:51:00.977] [exthost] [error] {"message":"Git error","stdout":"","stderr":"fatal: Pathspec '/home/edunush/nushedu/bootstrap-4.0.0 (1)' is in submodule 'nushedu'\n","exitCode":128,"gitErrorCode":"IsInSubmodule"}
[2020-10-03 19:51:00.977] [exthost] [error] {"message":"Git error","stdout":"","stderr":"fatal: Pathspec '/home/edunush/nushedu/bootstrap-4.0.0 (1)' is in submodule 'nushedu'\n","exitCode":128,"gitErrorCode":"IsInSubmodule"}
[2020-10-03 19:51:00.977] [exthost] [error] {"message":"Git error","stdout":"","stderr":"fatal: Pathspec '/home/edunush/nushedu/bootstrap-4.0.0 (1)' is in submodule 'nushedu'\n","exitCode":128,"gitErrorCode":"IsInSubmodule"}
[2020-10-03 19:51:00.977] [exthost] [error] {"message":"Git error","stdout":"","stderr":"fatal: Pathspec '/home/edunush/nushedu/bootstrap-4.0.0 (1)' is in submodule 'nushedu'\n","exitCode":128,"gitErrorCode":"IsInSubmodule"}
[2020-10-03 19:51:00.977] [exthost] [error] {"message":"Git error","stdout":"","stderr":"fatal: Pathspec '/home/edunush/nushedu/bootstrap-4.0.0 (1)' is in submodule 'nushedu'\n","exitCode":128,"gitErrorCode":"IsInSubmodule"}
[2020-10-03 19:51:00.977] [exthost] [error] {"message":"Git error","stdout":"","stderr":"fatal: Pathspec '/home/edunush/nushedu/bootstrap-4.0.0 (1)' is in submodule 'nushedu'\n","exitCode":128,"gitErrorCode":"IsInSubmodule"}
[2020-10-03 19:51:00.977] [exthost] [error] {"message":"Git error","stdout":"","stderr":"fatal: Pathspec '/home/edunush/nushedu/bootstrap-4.0.0 (1)' is in submodule 'nushedu'\n","exitCode":128,"gitErrorCode":"IsInSubmodule"}
[2020-10-03 19:51:00.977] [exthost] [error] {"message":"Git error","stdout":"","stderr":"fatal: Pathspec '/home/edunush/nushedu/bootstrap-4.0.0 (1)' is in submodule 'nushedu'\n","exitCode":128,"gitErrorCode":"IsInSubmodule"}
[2020-10-03 19:51:00.977] [exthost] [error] {"message":"Git error","stdout":"","stderr":"fatal: Pathspec '/home/edunush/nushedu/bootstrap-4.0.0 (1)' is in submodule 'nushedu'\n","exitCode":128,"gitErrorCode":"IsInSubmodule"}
[2020-10-03 19:51:00.978] [exthost] [error] {"message":"Git error","stdout":"","stderr":"fatal: Pathspec '/home/edunush/nushedu/bootstrap-4.0.0 (1)' is in submodule 'nushedu'\n","exitCode":128,"gitErrorCode":"IsInSubmodule"}
[2020-10-03 19:51:00.978] [exthost] [error] {"message":"Git error","stdout":"","stderr":"fatal: Pathspec '/home/edunush/nushedu/bootstrap-4.0.0 (1)' is in submodule 'nushedu'\n","exitCode":128,"gitErrorCode":"IsInSubmodule"}
[2020-10-03 19:51:00.978] [exthost] [error] {"message":"Git error","stdout":"","stderr":"fatal: Pathspec '/home/edunush/nushedu/bootstrap-4.0.0 (1)' is in submodule 'nushedu'\n","exitCode":128,"gitErrorCode":"IsInSubmodule"}
[2020-10-03 19:51:00.978] [exthost] [error] {"message":"Git error","stdout":"","stderr":"fatal: Pathspec '/home/edunush/nushedu/bootstrap-4.0.0 (1)' is in submodule 'nushedu'\n","exitCode":128,"gitErrorCode":"IsInSubmodule"}
[2020-10-03 19:51:00.978] [exthost] [error] {"message":"Git error","stdout":"","stderr":"fatal: Pathspec '/home/edunush/nushedu/bootstrap-4.0.0 (1)' is in submodule 'nushedu'\n","exitCode":128,"gitErrorCode":"IsInSubmodule"}
[2020-10-03 19:51:00.978] [exthost] [error] {"message":"Git error","stdout":"","stderr":"fatal: Pathspec '/home/edunush/nushedu/bootstrap-4.0.0 (1)' is in submodule 'nushedu'\n","exitCode":128,"gitErrorCode":"IsInSubmodule"}
[2020-10-03 19:51:00.978] [exthost] [error] {"message":"Git error","stdout":"","stderr":"fatal: Pathspec '/home/edunush/nushedu/bootstrap-4.0.0 (1)' is in submodule 'nushedu'\n","exitCode":128,"gitErrorCode":"IsInSubmodule"}
[2020-10-03 19:51:00.978] [exthost] [error] {"message":"Git error","stdout":"","stderr":"fatal: Pathspec '/home/edunush/nushedu/bootstrap-4.0.0 (1)' is in submodule 'nushedu'\n","exitCode":128,"gitErrorCode":"IsInSubmodule"}
[2020-10-03 19:51:00.978] [exthost] [error] {"message":"Git error","stdout":"","stderr":"fatal: Pathspec '/home/edunush/nushedu/bootstrap-4.0.0 (1)' is in submodule 'nushedu'\n","exitCode":128,"gitErrorCode":"IsInSubmodule"}
[2020-10-04 15:35:22.492] [exthost] [info] ExtensionService#_doActivateExtension vscode.typescript-language-features {"startup":false,"extensionId":{"value":"vscode.typescript-language-features","_lower":"vscode.typescript-language-features"},"activationEvent":"onLanguage:javascript"}
[2020-10-04 15:35:22.495] [exthost] [info] ExtensionService#loadCommonJSModule file:///home/edunush/.vscode-server/bin/e5e9e69aed6e1984f7499b7af85b3d05f9a6883a/extensions/typescript-language-features/dist/extension
[2020-10-04 15:43:34.656] [exthost] [info] ExtensionService#_doActivateExtension vscode.extension-editing {"startup":false,"extensionId":{"value":"vscode.extension-editing","_lower":"vscode.extension-editing"},"activationEvent":"onLanguage:typescript"}
[2020-10-04 15:43:34.658] [exthost] [info] ExtensionService#loadCommonJSModule file:///home/edunush/.vscode-server/bin/e5e9e69aed6e1984f7499b7af85b3d05f9a6883a/extensions/extension-editing/dist/extensionEditingMain
[2020-10-04 15:58:15.429] [exthost] [error] {"message":"Git error","stdout":"","stderr":"fatal: Pathspec '/home/edunush/nushedu/bootstrap-4.0.0 (1)/bootstrap-4.0.0' is in submodule 'nushedu'\n","exitCode":128,"gitErrorCode":"IsInSubmodule"}
[2020-10-04 15:58:15.429] [exthost] [error] {"message":"Git error","stdout":"","stderr":"fatal: Pathspec '/home/edunush/nushedu/bootstrap-4.0.0 (1)/bootstrap-4.0.0' is in submodule 'nushedu'\n","exitCode":128,"gitErrorCode":"IsInSubmodule"}
[2020-10-04 15:58:15.429] [exthost] [error] {"message":"Git error","stdout":"","stderr":"fatal: Pathspec '/home/edunush/nushedu/bootstrap-4.0.0 (1)/bootstrap-4.0.0' is in submodule 'nushedu'\n","exitCode":128,"gitErrorCode":"IsInSubmodule"}
[2020-10-04 15:58:15.429] [exthost] [error] {"message":"Git error","stdout":"","stderr":"fatal: Pathspec '/home/edunush/nushedu/bootstrap-4.0.0 (1)/bootstrap-4.0.0' is in submodule 'nushedu'\n","exitCode":128,"gitErrorCode":"IsInSubmodule"}
[2020-10-04 15:58:15.429] [exthost] [error] {"message":"Git error","stdout":"","stderr":"fatal: Pathspec '/home/edunush/nushedu/bootstrap-4.0.0 (1)/bootstrap-4.0.0' is in submodule 'nushedu'\n","exitCode":128,"gitErrorCode":"IsInSubmodule"}
[2020-10-04 15:58:15.429] [exthost] [error] {"message":"Git error","stdout":"","stderr":"fatal: Pathspec '/home/edunush/nushedu/bootstrap-4.0.0 (1)/bootstrap-4.0.0' is in submodule 'nushedu'\n","exitCode":128,"gitErrorCode":"IsInSubmodule"}
[2020-10-04 15:58:15.429] [exthost] [error] {"message":"Git error","stdout":"","stderr":"fatal: Pathspec '/home/edunush/nushedu/bootstrap-4.0.0 (1)/bootstrap-4.0.0' is in submodule 'nushedu'\n","exitCode":128,"gitErrorCode":"IsInSubmodule"}
[2020-10-04 15:58:15.429] [exthost] [error] {"message":"Git error","stdout":"","stderr":"fatal: Pathspec '/home/edunush/nushedu/bootstrap-4.0.0 (1)/bootstrap-4.0.0' is in submodule 'nushedu'\n","exitCode":128,"gitErrorCode":"IsInSubmodule"}
[2020-10-04 15:58:15.429] [exthost] [error] {"message":"Git error","stdout":"","stderr":"fatal: Pathspec '/home/edunush/nushedu/bootstrap-4.0.0 (1)/bootstrap-4.0.0' is in submodule 'nushedu'\n","exitCode":128,"gitErrorCode":"IsInSubmodule"}
[2020-10-04 15:58:15.429] [exthost] [error] {"message":"Git error","stdout":"","stderr":"fatal: Pathspec '/home/edunush/nushedu/bootstrap-4.0.0 (1)/bootstrap-4.0.0' is in submodule 'nushedu'\n","exitCode":128,"gitErrorCode":"IsInSubmodule"}
[2020-10-04 15:58:15.430] [exthost] [error] {"message":"Git error","stdout":"","stderr":"fatal: Pathspec '/home/edunush/nushedu/bootstrap-4.0.0 (1)/bootstrap-4.0.0' is in submodule 'nushedu'\n","exitCode":128,"gitErrorCode":"IsInSubmodule"}
[2020-10-04 15:58:15.430] [exthost] [error] {"message":"Git error","stdout":"","stderr":"fatal: Pathspec '/home/edunush/nushedu/bootstrap-4.0.0 (1)/bootstrap-4.0.0' is in submodule 'nushedu'\n","exitCode":128,"gitErrorCode":"IsInSubmodule"}
[2020-10-04 15:58:15.430] [exthost] [error] {"message":"Git error","stdout":"","stderr":"fatal: Pathspec '/home/edunush/nushedu/bootstrap-4.0.0 (1)/bootstrap-4.0.0' is in submodule 'nushedu'\n","exitCode":128,"gitErrorCode":"IsInSubmodule"}
[2020-10-04 18:31:58.337] [exthost] [info] ExtensionService#_doActivateExtension vscode.css-language-features {"startup":false,"extensionId":{"value":"vscode.css-language-features","_lower":"vscode.css-language-features"},"activationEvent":"onLanguage:css"}
[2020-10-04 18:31:58.338] [exthost] [info] ExtensionService#loadCommonJSModule file:///home/edunush/.vscode-server/bin/e5e9e69aed6e1984f7499b7af85b3d05f9a6883a/extensions/css-language-features/client/dist/node/cssClientMain
