[2020-09-29 11:36:12.818] [exthost] [info] extension host started
[2020-09-29 11:36:12.894] [exthost] [info] ExtensionService#_doActivateExtension vscode.debug-auto-launch {"startup":true,"extensionId":{"value":"vscode.debug-auto-launch","_lower":"vscode.debug-auto-launch"},"activationEvent":"*"}
[2020-09-29 11:36:12.895] [exthost] [info] ExtensionService#loadCommonJSModule file:///home/edunush/.vscode-server/bin/e5e9e69aed6e1984f7499b7af85b3d05f9a6883a/extensions/debug-auto-launch/dist/extension
[2020-09-29 11:36:12.906] [exthost] [info] ExtensionService#_doActivateExtension vscode.emmet {"startup":true,"extensionId":{"value":"vscode.emmet","_lower":"vscode.emmet"},"activationEvent":"*"}
[2020-09-29 11:36:12.906] [exthost] [info] ExtensionService#loadCommonJSModule file:///home/edunush/.vscode-server/bin/e5e9e69aed6e1984f7499b7af85b3d05f9a6883a/extensions/emmet/dist/node/emmetNodeMain
[2020-09-29 11:36:12.959] [exthost] [info] ExtensionService#_doActivateExtension vscode.git {"startup":true,"extensionId":{"value":"vscode.github","_lower":"vscode.github"},"activationEvent":"*"}
[2020-09-29 11:36:12.959] [exthost] [info] ExtensionService#loadCommonJSModule file:///home/edunush/.vscode-server/bin/e5e9e69aed6e1984f7499b7af85b3d05f9a6883a/extensions/git/dist/main
[2020-09-29 11:36:13.059] [exthost] [info] ExtensionService#_doActivateExtension vscode.merge-conflict {"startup":true,"extensionId":{"value":"vscode.merge-conflict","_lower":"vscode.merge-conflict"},"activationEvent":"*"}
[2020-09-29 11:36:13.059] [exthost] [info] ExtensionService#loadCommonJSModule file:///home/edunush/.vscode-server/bin/e5e9e69aed6e1984f7499b7af85b3d05f9a6883a/extensions/merge-conflict/dist/mergeConflictMain
[2020-09-29 11:36:13.067] [exthost] [info] ExtensionService#_doActivateExtension vscode.search-result {"startup":true,"extensionId":{"value":"vscode.search-result","_lower":"vscode.search-result"},"activationEvent":"*"}
[2020-09-29 11:36:13.067] [exthost] [info] ExtensionService#loadCommonJSModule file:///home/edunush/.vscode-server/bin/e5e9e69aed6e1984f7499b7af85b3d05f9a6883a/extensions/search-result/dist/extension.js
[2020-09-29 11:36:13.070] [exthost] [info] ExtensionService#_doActivateExtension eamodio.gitlens {"startup":true,"extensionId":{"value":"eamodio.gitlens","_lower":"eamodio.gitlens"},"activationEvent":"*"}
[2020-09-29 11:36:13.070] [exthost] [info] ExtensionService#loadCommonJSModule file:///home/edunush/.vscode-server/extensions/eamodio.gitlens-10.2.2/dist/extension
[2020-09-29 11:36:13.156] [exthost] [info] ExtensionService#_doActivateExtension ritwickdey.LiveServer {"startup":true,"extensionId":{"value":"ritwickdey.LiveServer","_lower":"ritwickdey.liveserver"},"activationEvent":"*"}
[2020-09-29 11:36:13.156] [exthost] [info] ExtensionService#loadCommonJSModule file:///home/edunush/.vscode-server/extensions/ritwickdey.liveserver-5.6.1/out/src/extension
[2020-09-29 11:36:14.173] [exthost] [info] Extension 'eamodio.gitlens' uses a document selector without scheme. Learn more about this: https://go.microsoft.com/fwlink/?linkid=872305
[2020-09-29 11:36:14.188] [exthost] [info] ExtensionService#_doActivateExtension vscode.github {"startup":true,"extensionId":{"value":"vscode.github","_lower":"vscode.github"},"activationEvent":"*"}
[2020-09-29 11:36:14.188] [exthost] [info] ExtensionService#loadCommonJSModule file:///home/edunush/.vscode-server/bin/e5e9e69aed6e1984f7499b7af85b3d05f9a6883a/extensions/github/dist/extension.js
[2020-09-29 11:36:14.372] [exthost] [info] ExtensionService#_doActivateExtension GitHub.vscode-pull-request-github {"startup":false,"extensionId":{"value":"GitHub.vscode-pull-request-github","_lower":"github.vscode-pull-request-github"},"activationEvent":"onStartupFinished"}
[2020-09-29 11:36:14.373] [exthost] [info] ExtensionService#loadCommonJSModule file:///home/edunush/.vscode-server/extensions/github.vscode-pull-request-github-0.20.0/media/extension
[2020-09-29 11:36:14.468] [exthost] [info] eager extensions activated
[2020-09-29 11:36:14.697] [exthost] [info] Extension 'GitHub.vscode-pull-request-github' uses a document selector without scheme. Learn more about this: https://go.microsoft.com/fwlink/?linkid=872305
[2020-09-29 11:36:15.153] [exthost] [error] {"message":"Git error","stdout":"","stderr":"fatal: Pathspec '/home/edunush/nushedu/README.md' is in submodule 'nushedu'\n","exitCode":128,"gitErrorCode":"IsInSubmodule"}
[2020-09-29 11:36:15.153] [exthost] [error] {"message":"Git error","stdout":"","stderr":"fatal: Pathspec '/home/edunush/nushedu/README.md' is in submodule 'nushedu'\n","exitCode":128,"gitErrorCode":"IsInSubmodule"}
