[2020-09-30 22:19:00.762] [exthost] [info] extension host started
[2020-09-30 22:19:01.025] [exthost] [info] ExtensionService#_doActivateExtension vscode.emmet {"startup":false,"extensionId":{"value":"vscode.emmet","_lower":"vscode.emmet"},"activationEvent":"onLanguage:html"}
[2020-09-30 22:19:01.026] [exthost] [info] ExtensionService#loadCommonJSModule file:///home/edunush/.vscode-server/bin/e5e9e69aed6e1984f7499b7af85b3d05f9a6883a/extensions/emmet/dist/node/emmetNodeMain
[2020-09-30 22:19:01.156] [exthost] [info] ExtensionService#_doActivateExtension vscode.html-language-features {"startup":false,"extensionId":{"value":"vscode.html-language-features","_lower":"vscode.html-language-features"},"activationEvent":"onLanguage:html"}
[2020-09-30 22:19:01.156] [exthost] [info] ExtensionService#loadCommonJSModule file:///home/edunush/.vscode-server/bin/e5e9e69aed6e1984f7499b7af85b3d05f9a6883a/extensions/html-language-features/client/dist/node/htmlClientMain
[2020-09-30 22:19:01.421] [exthost] [info] ExtensionService#_doActivateExtension vscode.debug-auto-launch {"startup":true,"extensionId":{"value":"vscode.debug-auto-launch","_lower":"vscode.debug-auto-launch"},"activationEvent":"*"}
[2020-09-30 22:19:01.423] [exthost] [info] ExtensionService#loadCommonJSModule file:///home/edunush/.vscode-server/bin/e5e9e69aed6e1984f7499b7af85b3d05f9a6883a/extensions/debug-auto-launch/dist/extension
[2020-09-30 22:19:01.462] [exthost] [info] ExtensionService#_doActivateExtension vscode.git {"startup":true,"extensionId":{"value":"vscode.github","_lower":"vscode.github"},"activationEvent":"*"}
[2020-09-30 22:19:01.462] [exthost] [info] ExtensionService#loadCommonJSModule file:///home/edunush/.vscode-server/bin/e5e9e69aed6e1984f7499b7af85b3d05f9a6883a/extensions/git/dist/main
[2020-09-30 22:19:01.751] [exthost] [info] ExtensionService#_doActivateExtension vscode.merge-conflict {"startup":true,"extensionId":{"value":"vscode.merge-conflict","_lower":"vscode.merge-conflict"},"activationEvent":"*"}
[2020-09-30 22:19:01.751] [exthost] [info] ExtensionService#loadCommonJSModule file:///home/edunush/.vscode-server/bin/e5e9e69aed6e1984f7499b7af85b3d05f9a6883a/extensions/merge-conflict/dist/mergeConflictMain
[2020-09-30 22:19:01.807] [exthost] [info] ExtensionService#_doActivateExtension vscode.search-result {"startup":true,"extensionId":{"value":"vscode.search-result","_lower":"vscode.search-result"},"activationEvent":"*"}
[2020-09-30 22:19:01.808] [exthost] [info] ExtensionService#loadCommonJSModule file:///home/edunush/.vscode-server/bin/e5e9e69aed6e1984f7499b7af85b3d05f9a6883a/extensions/search-result/dist/extension.js
[2020-09-30 22:19:01.831] [exthost] [info] ExtensionService#_doActivateExtension ritwickdey.LiveServer {"startup":true,"extensionId":{"value":"ritwickdey.LiveServer","_lower":"ritwickdey.liveserver"},"activationEvent":"*"}
[2020-09-30 22:19:01.831] [exthost] [info] ExtensionService#loadCommonJSModule file:///home/edunush/.vscode-server/extensions/ritwickdey.liveserver-5.6.1/out/src/extension
[2020-09-30 22:19:05.773] [exthost] [info] ExtensionService#_doActivateExtension vscode.css-language-features {"startup":false,"extensionId":{"value":"vscode.css-language-features","_lower":"vscode.css-language-features"},"activationEvent":"onLanguage:css"}
[2020-09-30 22:19:05.773] [exthost] [info] ExtensionService#loadCommonJSModule file:///home/edunush/.vscode-server/bin/e5e9e69aed6e1984f7499b7af85b3d05f9a6883a/extensions/css-language-features/client/dist/node/cssClientMain
[2020-09-30 22:19:06.659] [exthost] [info] ExtensionService#_doActivateExtension vscode.github {"startup":true,"extensionId":{"value":"vscode.github","_lower":"vscode.github"},"activationEvent":"*"}
[2020-09-30 22:19:06.659] [exthost] [info] ExtensionService#loadCommonJSModule file:///home/edunush/.vscode-server/bin/e5e9e69aed6e1984f7499b7af85b3d05f9a6883a/extensions/github/dist/extension.js
[2020-09-30 22:19:06.970] [exthost] [info] ExtensionService#_doActivateExtension GitHub.vscode-pull-request-github {"startup":false,"extensionId":{"value":"GitHub.vscode-pull-request-github","_lower":"github.vscode-pull-request-github"},"activationEvent":"onStartupFinished"}
[2020-09-30 22:19:06.970] [exthost] [info] ExtensionService#loadCommonJSModule file:///home/edunush/.vscode-server/extensions/github.vscode-pull-request-github-0.20.0/media/extension
[2020-09-30 22:19:07.183] [exthost] [info] eager extensions activated
[2020-09-30 22:19:08.076] [exthost] [info] Extension 'GitHub.vscode-pull-request-github' uses a document selector without scheme. Learn more about this: https://go.microsoft.com/fwlink/?linkid=872305
[2020-09-30 22:19:08.500] [exthost] [error] {"message":"Git error","stdout":"","stderr":"fatal: Pathspec '/home/edunush/nushedu/README.md' is in submodule 'nushedu'\n","exitCode":128,"gitErrorCode":"IsInSubmodule"}
[2020-09-30 22:19:08.500] [exthost] [error] {"message":"Git error","stdout":"","stderr":"fatal: Pathspec '/home/edunush/nushedu/README.md' is in submodule 'nushedu'\n","exitCode":128,"gitErrorCode":"IsInSubmodule"}
[2020-09-30 22:19:08.500] [exthost] [error] {"message":"Git error","stdout":"","stderr":"fatal: Pathspec '/home/edunush/nushedu/README.md' is in submodule 'nushedu'\n","exitCode":128,"gitErrorCode":"IsInSubmodule"}
[2020-09-30 22:19:08.500] [exthost] [error] {"message":"Git error","stdout":"","stderr":"fatal: Pathspec '/home/edunush/nushedu/README.md' is in submodule 'nushedu'\n","exitCode":128,"gitErrorCode":"IsInSubmodule"}
[2020-09-30 22:19:08.500] [exthost] [error] {"message":"Git error","stdout":"","stderr":"fatal: Pathspec '/home/edunush/nushedu/README.md' is in submodule 'nushedu'\n","exitCode":128,"gitErrorCode":"IsInSubmodule"}
[2020-09-30 22:19:08.500] [exthost] [error] {"message":"Git error","stdout":"","stderr":"fatal: Pathspec '/home/edunush/nushedu/README.md' is in submodule 'nushedu'\n","exitCode":128,"gitErrorCode":"IsInSubmodule"}
[2020-09-30 22:19:08.500] [exthost] [error] {"message":"Git error","stdout":"","stderr":"fatal: Pathspec '/home/edunush/nushedu/README.md' is in submodule 'nushedu'\n","exitCode":128,"gitErrorCode":"IsInSubmodule"}
[2020-09-30 22:19:08.500] [exthost] [error] {"message":"Git error","stdout":"","stderr":"fatal: Pathspec '/home/edunush/nushedu/README.md' is in submodule 'nushedu'\n","exitCode":128,"gitErrorCode":"IsInSubmodule"}
[2020-09-30 22:19:08.500] [exthost] [error] {"message":"Git error","stdout":"","stderr":"fatal: Pathspec '/home/edunush/nushedu/README.md' is in submodule 'nushedu'\n","exitCode":128,"gitErrorCode":"IsInSubmodule"}
[2020-09-30 22:19:08.500] [exthost] [error] {"message":"Git error","stdout":"","stderr":"fatal: Pathspec '/home/edunush/nushedu/README.md' is in submodule 'nushedu'\n","exitCode":128,"gitErrorCode":"IsInSubmodule"}
[2020-09-30 22:19:08.500] [exthost] [error] {"message":"Git error","stdout":"","stderr":"fatal: Pathspec '/home/edunush/nushedu/README.md' is in submodule 'nushedu'\n","exitCode":128,"gitErrorCode":"IsInSubmodule"}
[2020-09-30 22:19:08.500] [exthost] [error] {"message":"Git error","stdout":"","stderr":"fatal: Pathspec '/home/edunush/nushedu/README.md' is in submodule 'nushedu'\n","exitCode":128,"gitErrorCode":"IsInSubmodule"}
[2020-09-30 22:19:08.500] [exthost] [error] {"message":"Git error","stdout":"","stderr":"fatal: Pathspec '/home/edunush/nushedu/README.md' is in submodule 'nushedu'\n","exitCode":128,"gitErrorCode":"IsInSubmodule"}
[2020-09-30 22:19:08.500] [exthost] [error] {"message":"Git error","stdout":"","stderr":"fatal: Pathspec '/home/edunush/nushedu/README.md' is in submodule 'nushedu'\n","exitCode":128,"gitErrorCode":"IsInSubmodule"}
[2020-09-30 22:19:08.500] [exthost] [error] {"message":"Git error","stdout":"","stderr":"fatal: Pathspec '/home/edunush/nushedu/README.md' is in submodule 'nushedu'\n","exitCode":128,"gitErrorCode":"IsInSubmodule"}
[2020-09-30 22:19:08.500] [exthost] [error] {"message":"Git error","stdout":"","stderr":"fatal: Pathspec '/home/edunush/nushedu/README.md' is in submodule 'nushedu'\n","exitCode":128,"gitErrorCode":"IsInSubmodule"}
[2020-09-30 22:19:08.500] [exthost] [error] {"message":"Git error","stdout":"","stderr":"fatal: Pathspec '/home/edunush/nushedu/README.md' is in submodule 'nushedu'\n","exitCode":128,"gitErrorCode":"IsInSubmodule"}
