[2020-10-04 23:16:45.897] [exthost] [info] extension host started
[2020-10-04 23:16:46.265] [exthost] [info] ExtensionService#_doActivateExtension vscode.emmet {"startup":false,"extensionId":{"value":"vscode.emmet","_lower":"vscode.emmet"},"activationEvent":"onLanguage:html"}
[2020-10-04 23:16:46.268] [exthost] [info] ExtensionService#loadCommonJSModule file:///home/edunush/.vscode-server/bin/2af051012b66169dde0c4dfae3f5ef48f787ff69/extensions/emmet/dist/node/emmetNodeMain
[2020-10-04 23:16:46.458] [exthost] [info] ExtensionService#_doActivateExtension vscode.html-language-features {"startup":false,"extensionId":{"value":"vscode.html-language-features","_lower":"vscode.html-language-features"},"activationEvent":"onLanguage:html"}
[2020-10-04 23:16:46.458] [exthost] [info] ExtensionService#loadCommonJSModule file:///home/edunush/.vscode-server/bin/2af051012b66169dde0c4dfae3f5ef48f787ff69/extensions/html-language-features/client/dist/node/htmlClientMain
[2020-10-04 23:16:46.749] [exthost] [info] ExtensionService#_doActivateExtension vscode.configuration-editing {"startup":false,"extensionId":{"value":"vscode.configuration-editing","_lower":"vscode.configuration-editing"},"activationEvent":"onLanguage:json"}
[2020-10-04 23:16:46.749] [exthost] [info] ExtensionService#loadCommonJSModule file:///home/edunush/.vscode-server/bin/2af051012b66169dde0c4dfae3f5ef48f787ff69/extensions/configuration-editing/dist/configurationEditingMain
[2020-10-04 23:16:46.850] [exthost] [info] ExtensionService#_doActivateExtension vscode.extension-editing {"startup":false,"extensionId":{"value":"vscode.extension-editing","_lower":"vscode.extension-editing"},"activationEvent":"onLanguage:json"}
[2020-10-04 23:16:46.851] [exthost] [info] ExtensionService#loadCommonJSModule file:///home/edunush/.vscode-server/bin/2af051012b66169dde0c4dfae3f5ef48f787ff69/extensions/extension-editing/dist/extensionEditingMain
[2020-10-04 23:16:47.059] [exthost] [info] ExtensionService#_doActivateExtension vscode.json-language-features {"startup":false,"extensionId":{"value":"vscode.json-language-features","_lower":"vscode.json-language-features"},"activationEvent":"onLanguage:json"}
[2020-10-04 23:16:47.060] [exthost] [info] ExtensionService#loadCommonJSModule file:///home/edunush/.vscode-server/bin/2af051012b66169dde0c4dfae3f5ef48f787ff69/extensions/json-language-features/client/dist/node/jsonClientMain
[2020-10-04 23:16:47.509] [exthost] [info] ExtensionService#_doActivateExtension ms-vscode.js-debug {"startup":false,"extensionId":{"value":"ms-vscode.js-debug","_lower":"ms-vscode.js-debug"},"activationEvent":"onLanguage:json"}
[2020-10-04 23:16:47.510] [exthost] [info] ExtensionService#loadCommonJSModule file:///home/edunush/.vscode-server/bin/2af051012b66169dde0c4dfae3f5ef48f787ff69/extensions/ms-vscode.js-debug/src/extension.js
[2020-10-04 23:16:48.610] [exthost] [info] ExtensionService#_doActivateExtension vscode.npm {"startup":false,"extensionId":{"value":"vscode.npm","_lower":"vscode.npm"},"activationEvent":"onLanguage:json"}
[2020-10-04 23:16:48.610] [exthost] [info] ExtensionService#loadCommonJSModule file:///home/edunush/.vscode-server/bin/2af051012b66169dde0c4dfae3f5ef48f787ff69/extensions/npm/dist/npmMain
[2020-10-04 23:16:48.700] [exthost] [info] ExtensionService#_doActivateExtension vscode.typescript-language-features {"startup":false,"extensionId":{"value":"vscode.typescript-language-features","_lower":"vscode.typescript-language-features"},"activationEvent":"onLanguage:typescript"}
[2020-10-04 23:16:48.700] [exthost] [info] ExtensionService#loadCommonJSModule file:///home/edunush/.vscode-server/bin/2af051012b66169dde0c4dfae3f5ef48f787ff69/extensions/typescript-language-features/dist/extension
[2020-10-04 23:16:48.875] [exthost] [info] ExtensionService#_doActivateExtension vscode.debug-auto-launch {"startup":true,"extensionId":{"value":"vscode.debug-auto-launch","_lower":"vscode.debug-auto-launch"},"activationEvent":"*"}
[2020-10-04 23:16:48.875] [exthost] [info] ExtensionService#loadCommonJSModule file:///home/edunush/.vscode-server/bin/2af051012b66169dde0c4dfae3f5ef48f787ff69/extensions/debug-auto-launch/dist/extension
[2020-10-04 23:16:48.916] [exthost] [info] ExtensionService#_doActivateExtension vscode.git {"startup":true,"extensionId":{"value":"vscode.github","_lower":"vscode.github"},"activationEvent":"*"}
[2020-10-04 23:16:48.916] [exthost] [info] ExtensionService#loadCommonJSModule file:///home/edunush/.vscode-server/bin/2af051012b66169dde0c4dfae3f5ef48f787ff69/extensions/git/dist/main
[2020-10-04 23:16:49.191] [exthost] [info] ExtensionService#_doActivateExtension vscode.merge-conflict {"startup":true,"extensionId":{"value":"vscode.merge-conflict","_lower":"vscode.merge-conflict"},"activationEvent":"*"}
[2020-10-04 23:16:49.191] [exthost] [info] ExtensionService#loadCommonJSModule file:///home/edunush/.vscode-server/bin/2af051012b66169dde0c4dfae3f5ef48f787ff69/extensions/merge-conflict/dist/mergeConflictMain
[2020-10-04 23:16:49.247] [exthost] [info] ExtensionService#_doActivateExtension vscode.search-result {"startup":true,"extensionId":{"value":"vscode.search-result","_lower":"vscode.search-result"},"activationEvent":"*"}
[2020-10-04 23:16:49.247] [exthost] [info] ExtensionService#loadCommonJSModule file:///home/edunush/.vscode-server/bin/2af051012b66169dde0c4dfae3f5ef48f787ff69/extensions/search-result/dist/extension.js
[2020-10-04 23:16:49.273] [exthost] [info] ExtensionService#_doActivateExtension ritwickdey.LiveServer {"startup":true,"extensionId":{"value":"ritwickdey.LiveServer","_lower":"ritwickdey.liveserver"},"activationEvent":"*"}
[2020-10-04 23:16:49.274] [exthost] [info] ExtensionService#loadCommonJSModule file:///home/edunush/.vscode-server/extensions/ritwickdey.liveserver-5.6.1/out/src/extension
[2020-10-04 23:16:54.259] [exthost] [info] ExtensionService#_doActivateExtension vscode.github {"startup":true,"extensionId":{"value":"vscode.github","_lower":"vscode.github"},"activationEvent":"*"}
[2020-10-04 23:16:54.259] [exthost] [info] ExtensionService#loadCommonJSModule file:///home/edunush/.vscode-server/bin/2af051012b66169dde0c4dfae3f5ef48f787ff69/extensions/github/dist/extension.js
[2020-10-04 23:16:54.576] [exthost] [info] ExtensionService#_doActivateExtension GitHub.vscode-pull-request-github {"startup":false,"extensionId":{"value":"GitHub.vscode-pull-request-github","_lower":"github.vscode-pull-request-github"},"activationEvent":"onStartupFinished"}
[2020-10-04 23:16:54.576] [exthost] [info] ExtensionService#loadCommonJSModule file:///home/edunush/.vscode-server/extensions/github.vscode-pull-request-github-0.20.0/media/extension
[2020-10-04 23:16:54.762] [exthost] [info] eager extensions activated
[2020-10-04 23:16:55.839] [exthost] [info] Extension 'GitHub.vscode-pull-request-github' uses a document selector without scheme. Learn more about this: https://go.microsoft.com/fwlink/?linkid=872305
[2020-10-04 23:22:43.973] [exthost] [info] ExtensionService#_doActivateExtension vscode.css-language-features {"startup":false,"extensionId":{"value":"vscode.css-language-features","_lower":"vscode.css-language-features"},"activationEvent":"onLanguage:css"}
[2020-10-04 23:22:43.974] [exthost] [info] ExtensionService#loadCommonJSModule file:///home/edunush/.vscode-server/bin/2af051012b66169dde0c4dfae3f5ef48f787ff69/extensions/css-language-features/client/dist/node/cssClientMain
