[2020-09-29 12:01:53.432] [exthost] [info] extension host started
[2020-09-29 12:01:53.653] [exthost] [info] ExtensionService#_doActivateExtension vscode.css-language-features {"startup":false,"extensionId":{"value":"vscode.css-language-features","_lower":"vscode.css-language-features"},"activationEvent":"onLanguage:css"}
[2020-09-29 12:01:53.654] [exthost] [info] ExtensionService#loadCommonJSModule file:///home/edunush/.vscode-server/bin/e5e9e69aed6e1984f7499b7af85b3d05f9a6883a/extensions/css-language-features/client/dist/node/cssClientMain
[2020-09-29 12:01:53.724] [exthost] [info] ExtensionService#_doActivateExtension vscode.emmet {"startup":false,"extensionId":{"value":"vscode.emmet","_lower":"vscode.emmet"},"activationEvent":"onLanguage:css"}
[2020-09-29 12:01:53.724] [exthost] [info] ExtensionService#loadCommonJSModule file:///home/edunush/.vscode-server/bin/e5e9e69aed6e1984f7499b7af85b3d05f9a6883a/extensions/emmet/dist/node/emmetNodeMain
[2020-09-29 12:01:53.784] [exthost] [info] ExtensionService#_doActivateExtension vscode.debug-auto-launch {"startup":true,"extensionId":{"value":"vscode.debug-auto-launch","_lower":"vscode.debug-auto-launch"},"activationEvent":"*"}
[2020-09-29 12:01:53.784] [exthost] [info] ExtensionService#loadCommonJSModule file:///home/edunush/.vscode-server/bin/e5e9e69aed6e1984f7499b7af85b3d05f9a6883a/extensions/debug-auto-launch/dist/extension
[2020-09-29 12:01:53.792] [exthost] [info] ExtensionService#_doActivateExtension vscode.git {"startup":true,"extensionId":{"value":"vscode.github","_lower":"vscode.github"},"activationEvent":"*"}
[2020-09-29 12:01:53.792] [exthost] [info] ExtensionService#loadCommonJSModule file:///home/edunush/.vscode-server/bin/e5e9e69aed6e1984f7499b7af85b3d05f9a6883a/extensions/git/dist/main
[2020-09-29 12:01:53.912] [exthost] [info] ExtensionService#_doActivateExtension vscode.merge-conflict {"startup":true,"extensionId":{"value":"vscode.merge-conflict","_lower":"vscode.merge-conflict"},"activationEvent":"*"}
[2020-09-29 12:01:53.912] [exthost] [info] ExtensionService#loadCommonJSModule file:///home/edunush/.vscode-server/bin/e5e9e69aed6e1984f7499b7af85b3d05f9a6883a/extensions/merge-conflict/dist/mergeConflictMain
[2020-09-29 12:01:53.920] [exthost] [info] ExtensionService#_doActivateExtension vscode.search-result {"startup":true,"extensionId":{"value":"vscode.search-result","_lower":"vscode.search-result"},"activationEvent":"*"}
[2020-09-29 12:01:53.921] [exthost] [info] ExtensionService#loadCommonJSModule file:///home/edunush/.vscode-server/bin/e5e9e69aed6e1984f7499b7af85b3d05f9a6883a/extensions/search-result/dist/extension.js
[2020-09-29 12:01:53.924] [exthost] [info] ExtensionService#_doActivateExtension eamodio.gitlens {"startup":true,"extensionId":{"value":"eamodio.gitlens","_lower":"eamodio.gitlens"},"activationEvent":"*"}
[2020-09-29 12:01:53.924] [exthost] [info] ExtensionService#loadCommonJSModule file:///home/edunush/.vscode-server/extensions/eamodio.gitlens-10.2.2/dist/extension
[2020-09-29 12:01:54.081] [exthost] [info] ExtensionService#_doActivateExtension ritwickdey.LiveServer {"startup":true,"extensionId":{"value":"ritwickdey.LiveServer","_lower":"ritwickdey.liveserver"},"activationEvent":"*"}
[2020-09-29 12:01:54.081] [exthost] [info] ExtensionService#loadCommonJSModule file:///home/edunush/.vscode-server/extensions/ritwickdey.liveserver-5.6.1/out/src/extension
[2020-09-29 12:01:56.191] [exthost] [info] Extension 'eamodio.gitlens' uses a document selector without scheme. Learn more about this: https://go.microsoft.com/fwlink/?linkid=872305
[2020-09-29 12:01:56.284] [exthost] [info] ExtensionService#_doActivateExtension vscode.github {"startup":true,"extensionId":{"value":"vscode.github","_lower":"vscode.github"},"activationEvent":"*"}
[2020-09-29 12:01:56.285] [exthost] [info] ExtensionService#loadCommonJSModule file:///home/edunush/.vscode-server/bin/e5e9e69aed6e1984f7499b7af85b3d05f9a6883a/extensions/github/dist/extension.js
[2020-09-29 12:01:56.554] [exthost] [info] ExtensionService#_doActivateExtension GitHub.vscode-pull-request-github {"startup":false,"extensionId":{"value":"GitHub.vscode-pull-request-github","_lower":"github.vscode-pull-request-github"},"activationEvent":"onStartupFinished"}
[2020-09-29 12:01:56.555] [exthost] [info] ExtensionService#loadCommonJSModule file:///home/edunush/.vscode-server/extensions/github.vscode-pull-request-github-0.20.0/media/extension
[2020-09-29 12:01:56.718] [exthost] [info] eager extensions activated
[2020-09-29 12:01:57.329] [exthost] [info] Extension 'GitHub.vscode-pull-request-github' uses a document selector without scheme. Learn more about this: https://go.microsoft.com/fwlink/?linkid=872305
[2020-09-29 12:01:57.597] [exthost] [error] {"message":"Git error","stdout":"","stderr":"","exitCode":128}
[2020-09-29 12:01:57.597] [exthost] [error] {"message":"Git error","stdout":"","stderr":"","exitCode":128}
[2020-09-29 12:01:57.597] [exthost] [error] {"message":"Git error","stdout":"","stderr":"","exitCode":128}
[2020-09-29 12:01:57.597] [exthost] [error] {"message":"Git error","stdout":"","stderr":"","exitCode":128}
[2020-09-29 12:01:57.597] [exthost] [error] {"message":"Git error","stdout":"","stderr":"","exitCode":128}
[2020-09-29 12:01:57.597] [exthost] [error] {"message":"Git error","stdout":"","stderr":"","exitCode":128}
[2020-09-29 12:01:57.598] [exthost] [error] {"message":"Git error","stdout":"","stderr":"","exitCode":128}
[2020-09-29 12:01:57.598] [exthost] [error] {"message":"Git error","stdout":"","stderr":"","exitCode":128}
[2020-09-29 12:01:57.598] [exthost] [error] {"message":"Git error","stdout":"","stderr":"","exitCode":128}
[2020-09-29 12:01:57.598] [exthost] [error] {"message":"Git error","stdout":"","stderr":"","exitCode":128}
[2020-09-29 12:01:57.598] [exthost] [error] {"message":"Git error","stdout":"","stderr":"","exitCode":128}
[2020-09-29 12:02:16.144] [exthost] [info] ExtensionService#_doActivateExtension vscode.html-language-features {"startup":false,"extensionId":{"value":"vscode.html-language-features","_lower":"vscode.html-language-features"},"activationEvent":"onLanguage:html"}
[2020-09-29 12:02:16.145] [exthost] [info] ExtensionService#loadCommonJSModule file:///home/edunush/.vscode-server/bin/e5e9e69aed6e1984f7499b7af85b3d05f9a6883a/extensions/html-language-features/client/dist/node/htmlClientMain
[2020-09-29 12:08:22.204] [exthost] [info] ExtensionService#_doActivateExtension vscode.extension-editing {"startup":false,"extensionId":{"value":"vscode.extension-editing","_lower":"vscode.extension-editing"},"activationEvent":"onLanguage:markdown"}
[2020-09-29 12:08:22.205] [exthost] [info] ExtensionService#loadCommonJSModule file:///home/edunush/.vscode-server/bin/e5e9e69aed6e1984f7499b7af85b3d05f9a6883a/extensions/extension-editing/dist/extensionEditingMain
[2020-09-29 12:08:22.254] [exthost] [info] ExtensionService#_doActivateExtension vscode.markdown-language-features {"startup":false,"extensionId":{"value":"vscode.markdown-language-features","_lower":"vscode.markdown-language-features"},"activationEvent":"onLanguage:markdown"}
[2020-09-29 12:08:22.254] [exthost] [info] ExtensionService#loadCommonJSModule file:///home/edunush/.vscode-server/bin/e5e9e69aed6e1984f7499b7af85b3d05f9a6883a/extensions/markdown-language-features/dist/extension
