Looking for git in: git
Using git 2.25.1 from git
> git rev-parse --git-dir
Open repository: /home/edunush
> git status -z -u
> git log --format=%H%n%aN%n%aE%n%at%n%ct%n%P%n%B -z -n21 -- /home/edunush/portfolio/index.html
> git log --format=%H%n%aN%n%aE%n%at%n%ct%n%P%n%B -z -n41 -- /home/edunush/portfolio/index.html
fatal: your current branch 'master' does not have any commits yet
fatal: your current branch 'master' does not have any commits yet
> git show --textconv :portfolio/index.html
> git ls-files --stage -- /home/edunush/portfolio/index.html
> git cat-file -s db578e63f19f0e6b07e492582bfba018ae9f6cf7
> git check-ignore -v -z --stdin
> git log --format=%H%n%aN%n%aE%n%at%n%ct%n%P%n%B -z -n21 -- /home/edunush/portfolio/index.html
fatal: your current branch 'master' does not have any commits yet
> git checkout -q -b https-//github.com/edunush/nushedu --no-track HEAD
fatal: 'HEAD' is not a commit and a branch 'https-//github.com/edunush/nushedu' cannot be created from it
> git remote add nush-repository https://github.com/edunush/nushedu.git
> git remote add edunush/nushedu https://github.com/Amine372/site-lyc-e.git
> git remote add origin https://github.com/edunush/edunush-nushedu.git
fatal: remote origin already exists.
> git check-ignore -v -z --stdin
> git log --format=%H%n%aN%n%aE%n%at%n%ct%n%P%n%B -z -n21 -- /home/edunush/portfolio/index.html
fatal: your current branch 'master' does not have any commits yet
> git show --textconv :portfolio/index.html
> git ls-files --stage -- /home/edunush/portfolio/index.html
> git cat-file -s db578e63f19f0e6b07e492582bfba018ae9f6cf7
> git log --format=%H%n%aN%n%aE%n%at%n%ct%n%P%n%B -z -n21 -- /home/edunush/portfolio/style.css
fatal: your current branch 'master' does not have any commits yet
> git show --textconv :portfolio/style.css
> git ls-files --stage -- /home/edunush/portfolio/style.css
> git cat-file -s 76666f9b14d0e2c2e3a617f245a980c99fc30b85
> git log --format=%H%n%aN%n%aE%n%at%n%ct%n%P%n%B -z -n21 -- /home/edunush/portfolio/index.html
fatal: your current branch 'master' does not have any commits yet
> git show --textconv :portfolio/index.html
> git ls-files --stage -- /home/edunush/portfolio/index.html
> git cat-file -s db578e63f19f0e6b07e492582bfba018ae9f6cf7
> git clone https://github.com/edunush/nushedu c:/git hub/nushedu --progress
fatal: destination path 'c:/git hub/nushedu' already exists and is not an empty directory.
> git checkout -q -b giftshila --no-track HEAD
fatal: 'HEAD' is not a commit and a branch 'giftshila' cannot be created from it
